

Microchip Technology PIC18 LITE Macro Assembler V1.30 build 55553 
                                                                                               Tue May 06 11:28:01 2014

Microchip Technology Omniscient Code Generator (Lite mode) build 55553
     1                           	processor	18F26K22
     2                           	fnconf	rparam,??,?,0
     3                           	opt	pw 120
     4                           	opt	lm
     5                           	psect	idataCOMRAM,global,class=CODE,delta=1
     6                           	psect	cinit,global,reloc=2,class=CODE,delta=1
     7                           	psect	bssCOMRAM,global,class=COMRAM,space=1,delta=1
     8                           	psect	dataCOMRAM,global,class=COMRAM,space=1,delta=1
     9                           	psect	cstackCOMRAM,global,class=COMRAM,space=1,delta=1
    10                           	psect	text0,global,reloc=2,class=CODE,delta=1
    11                           	psect	text1,global,reloc=2,class=CODE,delta=1
    12                           	psect	intcodelo,global,reloc=2,class=CODE,delta=1
    13                           	psect	intcode,global,reloc=2,class=CODE,delta=1
    14                           	psect	intcode_body,global,reloc=2,class=CODE,delta=1
    15                           	psect	intsave_regs,global,class=BIGRAM,space=1,delta=1
    16                           	psect	rparam,global,class=COMRAM,space=1,delta=1
    17  0000                     
    18 ;; Function _SetFreq_31_25KHZ is unused but had its address taken
    19  0000                     
    20 ;; Function _SetFreq_250KHZ is unused but had its address taken
    21  0000                     
    22 ;; Function _SetFreq_500KHZ is unused but had its address taken
    23  0000                     
    24 ;; Function _SetFreq_1MHZ is unused but had its address taken
    25  0000                     
    26 ;; Function _SetFreq_2MHZ is unused but had its address taken
    27  0000                     
    28 ;; Function _SetFreq_4MHZ is unused but had its address taken
    29  0000                     
    30 ;; Function _SetFreq_16MHZ is unused but had its address taken
    31  0000                     
    32 ;; Function _SetFreq_32MHZ is unused but had its address taken
    33  0000                     
    34 ;; Function _SetFreq_64MHZ is unused but had its address taken
    35  0000                     
    36 ;; Function _GetFreq is unused but had its address taken
    37  0000                     
    38                           	psect	idataCOMRAM
    39  0001F6                     __pidataCOMRAM:
    40                           	opt stack 0
    41                           
    42                           ;initializer for _Oscillator
    43  0001F6  0000               	dw	0
    44  0001F8  0000               	dw	0
    45  0001FA  0000               	dw	0
    46  0001FC  0000               	dw	0
    47  0001FE  0000               	dw	0
    48  000200  0000               	dw	0
    49  000202  01D4               	dw	_SetFreq_8MHZ& (0+65535)
    50  000204  0000               	dw	0
    51  000206  0000               	dw	0
    52  000208  0000               	dw	0
    53  00020A  0000               	dw	0
    54                           
    55                           ;initializer for _OscFreq
    56  00020C  4240               	dw	16960
    57  00020E  000F               	dw	15
    58                           
    59                           ;initializer for _OscFreqIndex
    60  000210  03                 	db	3
    61  0000                     _PinDirection	set	3986
    62  0000                     _PinFunction	set	3896
    63  0000                     _PinRead	set	3968
    64  0000                     _PinWrite	set	3977
    65  0000                     _OSCCON	set	4051
    66  0000                     _OSCCON2bits	set	4050
    67  0000                     _OSCCONbits	set	4051
    68  0000                     _OSCTUNEbits	set	3995
    69                           
    70                           ; #config settings
    71  0000                     
    72                           	psect	cinit
    73  0001A6                     __pcinit:
    74                           	opt stack 0
    75  0001A6                     start_initialization:
    76                           	opt stack 0
    77  0001A6                     __initialization:
    78                           	opt stack 0
    79                           
    80                           ; Clear objects allocated to COMRAM (2 bytes)
    81  0001A6  6A3D               	clrf	(__pbssCOMRAM+1)& (0+255),c
    82  0001A8  6A3C               	clrf	__pbssCOMRAM& (0+255),c
    83                           
    84                           ; Initialize objects allocated to COMRAM (27 bytes)
    85                           ; load TBLPTR registers with __pidataCOMRAM
    86  0001AA  0EF6               	movlw	low __pidataCOMRAM
    87  0001AC  6EF6               	movwf	tblptrl,c
    88  0001AE  0E01               	movlw	high __pidataCOMRAM
    89  0001B0  6EF7               	movwf	tblptrh,c
    90  0001B2  0E00               	movlw	low (__pidataCOMRAM shr (0+16))
    91  0001B4  6EF8               	movwf	tblptru,c
    92  0001B6  EE00  F021         	lfsr	0,__pdataCOMRAM
    93  0001BA  EE10 F01B          	lfsr	1,27
    94  0001BE                     copy_data0:
    95  0001BE  0009               	tblrd		*+
    96  0001C0  CFF5 FFEE          	movff	tablat,postinc0
    97  0001C4  50E5               	movf	postdec1,w,c
    98  0001C6  50E1               	movf	fsr1l,w,c
    99  0001C8  E1FA               	bnz	copy_data0
   100  0001CA                     end_of_initialization:
   101                           	opt stack 0
   102  0001CA                     __end_of__initialization:
   103                           	opt stack 0
   104  0001CA  0E00               	movlw	low (__Lmediumconst shr (0+16))
   105  0001CC  6EF8               	movwf	tblptru,c
   106  0001CE  0100               	movlb	0
   107  0001D0  EF53  F000         	goto	_main	;jump to C main() function
   108                           tblptru	equ	0xFF8
   109                           tblptrh	equ	0xFF7
   110                           tblptrl	equ	0xFF6
   111                           tablat	equ	0xFF5
   112                           postinc0	equ	0xFEE
   113                           postdec1	equ	0xFE5
   114                           fsr1l	equ	0xFE1
   115                           
   116                           	psect	bssCOMRAM
   117  00003C                     __pbssCOMRAM:
   118                           	opt stack 0
   119  00003C                     _delayCount:
   120                           	opt stack 0
   121  00003C                     	ds	2
   122                           tblptru	equ	0xFF8
   123                           tblptrh	equ	0xFF7
   124                           tblptrl	equ	0xFF6
   125                           tablat	equ	0xFF5
   126                           postinc0	equ	0xFEE
   127                           postdec1	equ	0xFE5
   128                           fsr1l	equ	0xFE1
   129                           
   130                           	psect	dataCOMRAM
   131  000021                     __pdataCOMRAM:
   132                           	opt stack 0
   133  000021                     _Oscillator:
   134                           	opt stack 0
   135  000021                     	ds	22
   136  000037                     _OscFreq:
   137                           	opt stack 0
   138  000037                     	ds	4
   139  00003B                     _OscFreqIndex:
   140                           	opt stack 0
   141  00003B                     	ds	1
   142                           tblptru	equ	0xFF8
   143                           tblptrh	equ	0xFF7
   144                           tblptrl	equ	0xFF6
   145                           tablat	equ	0xFF5
   146                           postinc0	equ	0xFEE
   147                           postdec1	equ	0xFE5
   148                           fsr1l	equ	0xFE1
   149                           
   150                           	psect	cstackCOMRAM
   151  000001                     __pcstackCOMRAM:
   152                           	opt stack 0
   153  000001                     ??_LowPriority_InterruptHandler:
   154  000001                     
   155                           ; 1 bytes @ 0x0
   156  000001                     	ds	17
   157  000012                     ??_HighPriority_InterruptHandler:
   158                           
   159                           ; 0 bytes @ 0x11
   160  000012                     	ds	14
   161  000020                     ??_SetFreq_8MHZ:
   162                           
   163                           ; 0 bytes @ 0x1F
   164  000020                     	ds	1
   165  000021                     tblptru	equ	0xFF8
   166                           tblptrh	equ	0xFF7
   167                           tblptrl	equ	0xFF6
   168                           tablat	equ	0xFF5
   169                           postinc0	equ	0xFEE
   170                           postdec1	equ	0xFE5
   171                           fsr1l	equ	0xFE1
   172                           
   173                           ; 0 bytes @ 0x20
   174 ;;
   175 ;;Main: autosize = 0, tempsize = 0, incstack = 0, save=0
   176 ;;
   177 ;; *************** function _main *****************
   178 ;; Defined at:
   179 ;;		line 21 in file "main.c"
   180 ;; Parameters:    Size  Location     Type
   181 ;;		None
   182 ;; Auto vars:     Size  Location     Type
   183 ;;		None
   184 ;; Return value:  Size  Location     Type
   185 ;;		None               void
   186 ;; Registers used:
   187 ;;		wreg, fsr0l, fsr0h, fsr1l, fsr1h, fsr1l, fsr1h, fsr2l, fsr2h, status,2, status,0, pclat, btemp, btemp+1, btemp+2, bt
      +emp+3, btemp+4, btemp+5, btemp+6, btemp+7, btemp+8, btemp+9, btemp+10, btemp+11, tosl, structret, tblptrl, tblptrh, tblp
      +tru, prodl, prodh, bsr, cstack
   188 ;; Tracked objects:
   189 ;;		On entry : 0/0
   190 ;;		On exit  : 0/0
   191 ;;		Unchanged: 0/0
   192 ;; Data sizes:     COMRAM   BANK0   BANK1   BANK2   BANK3   BANK4   BANK5   BANK6   BANK7   BANK8   BANK9  BANK10  BANK1
      +1  BANK12  BANK13  BANK14  BANK15
   193 ;;      Params:         0       0       0       0       0       0       0       0       0       0       0       0       
      +0       0       0       0       0
   194 ;;      Locals:         0       0       0       0       0       0       0       0       0       0       0       0       
      +0       0       0       0       0
   195 ;;      Temps:          0       0       0       0       0       0       0       0       0       0       0       0       
      +0       0       0       0       0
   196 ;;      Totals:         0       0       0       0       0       0       0       0       0       0       0       0       
      +0       0       0       0       0
   197 ;;Total ram usage:        0 bytes
   198 ;; Hardware stack levels required when called:    3
   199 ;; This function calls:
   200 ;;		_SetFreq_8MHZ
   201 ;; This function is called by:
   202 ;;		Startup code after reset
   203 ;; This function uses a non-reentrant model
   204 ;;
   205                           
   206                           	psect	text0
   207  0000A6                     __ptext0:
   208                           	opt stack 0
   209  0000A6                     _main:
   210                           	opt stack 28
   211                           
   212                           ;main.c: 26: Oscillator.SetFreq_8MHZ();
   213                           
   214                           ;incstack = 0
   215  0000A6  EE20  F02D         	lfsr	2,_Oscillator+12
   216  0000AA  D801               	call	u18
   217  0000AC  D00A               	goto	u19
   218  0000AE                     u18:
   219  0000AE  0005               	push	
   220  0000B0  6EFA               	movwf	pclath,c
   221  0000B2  50DE               	movf	postinc2,w,c
   222  0000B4  6EFD               	movwf	tosl,c
   223  0000B6  50DE               	movf	postinc2,w,c
   224  0000B8  6EFE               	movwf	tosh,c
   225  0000BA  50F8               	movf	tblptru,w,c
   226  0000BC  6EFF               	movwf	tosu,c
   227  0000BE  50FA               	movf	pclath,w,c
   228  0000C0  0012               	return		;indir
   229  0000C2                     u19:
   230                           
   231                           ;main.c: 28: (PinFunction.TX1 = 0, PinDirection.TX1 = 0 );
   232  0000C2  010F               	movlb	15	; () banked
   233  0000C4  010F               	movlb	15	; () banked
   234  0000C6  9D3A               	bcf	58,6,b	;volatile
   235                           
   236                           ; BSR set to: 15
   237  0000C8  9C94               	bcf	3988,6,c	;volatile
   238                           
   239                           ; BSR set to: 15
   240                           ;main.c: 29: (PinFunction.RX1 = 0, PinDirection.RX1 = 0 );
   241  0000CA  010F               	movlb	15	; () banked
   242  0000CC  010F               	movlb	15	; () banked
   243  0000CE  9F3A               	bcf	58,7,b	;volatile
   244                           
   245                           ; BSR set to: 15
   246  0000D0  9E94               	bcf	3988,7,c	;volatile
   247                           
   248                           ; BSR set to: 15
   249                           ;main.c: 31: PinWrite.TX1 = 0;
   250  0000D2  9C8B               	bcf	3979,6,c	;volatile
   251                           
   252                           ; BSR set to: 15
   253                           ;main.c: 32: PinWrite.RX1 = 0;
   254  0000D4  9E8B               	bcf	3979,7,c	;volatile
   255                           
   256                           ; BSR set to: 15
   257                           ;main.c: 34: (PinFunction.RC0 = 0, PinDirection.RC0 = 0 );
   258  0000D6  010F               	movlb	15	; () banked
   259  0000D8  010F               	movlb	15	; () banked
   260  0000DA  913A               	bcf	58,0,b	;volatile
   261                           
   262                           ; BSR set to: 15
   263  0000DC  9094               	bcf	3988,0,c	;volatile
   264                           
   265                           ; BSR set to: 15
   266                           ;main.c: 35: (PinFunction.RA5 = 0, PinDirection.RA5 = 0 );
   267  0000DE  010F               	movlb	15	; () banked
   268  0000E0  010F               	movlb	15	; () banked
   269  0000E2  9B38               	bcf	56,5,b	;volatile
   270                           
   271                           ; BSR set to: 15
   272  0000E4  9A92               	bcf	3986,5,c	;volatile
   273                           
   274                           ; BSR set to: 15
   275                           ;main.c: 36: (PinFunction.RB4 = 0, PinDirection.RB4 = 0 );
   276  0000E6  010F               	movlb	15	; () banked
   277  0000E8  010F               	movlb	15	; () banked
   278  0000EA  9939               	bcf	57,4,b	;volatile
   279                           
   280                           ; BSR set to: 15
   281  0000EC  9893               	bcf	3987,4,c	;volatile
   282                           
   283                           ; BSR set to: 15
   284                           ;main.c: 37: (PinFunction.SDO2 = 0, PinDirection.SDO2 = 0 );
   285  0000EE  010F               	movlb	15	; () banked
   286  0000F0  010F               	movlb	15	; () banked
   287  0000F2  9739               	bcf	57,3,b	;volatile
   288                           
   289                           ; BSR set to: 15
   290  0000F4  9693               	bcf	3987,3,c	;volatile
   291                           
   292                           ; BSR set to: 15
   293                           ;main.c: 39: PinWrite.RC0 = 0;
   294  0000F6  908B               	bcf	3979,0,c	;volatile
   295                           
   296                           ; BSR set to: 15
   297                           ;main.c: 40: PinWrite.RA5 = 0;
   298  0000F8  9A89               	bcf	3977,5,c	;volatile
   299                           
   300                           ; BSR set to: 15
   301                           ;main.c: 41: PinWrite.RB4 = 0;
   302  0000FA  988A               	bcf	3978,4,c	;volatile
   303                           
   304                           ; BSR set to: 15
   305                           ;main.c: 42: PinWrite.SDO2 = 0;
   306  0000FC  968A               	bcf	3978,3,c	;volatile
   307                           
   308                           ; BSR set to: 15
   309                           ;main.c: 44: (PinFunction.AN0 = 0, PinDirection.AN0 = 1 );
   310  0000FE  010F               	movlb	15	; () banked
   311  000100  010F               	movlb	15	; () banked
   312  000102  9138               	bcf	56,0,b	;volatile
   313                           
   314                           ; BSR set to: 15
   315  000104  8092               	bsf	3986,0,c	;volatile
   316                           
   317                           ; BSR set to: 15
   318                           ;main.c: 45: (PinFunction.AN1 = 0, PinDirection.AN1 = 1 );
   319  000106  010F               	movlb	15	; () banked
   320  000108  010F               	movlb	15	; () banked
   321  00010A  9338               	bcf	56,1,b	;volatile
   322                           
   323                           ; BSR set to: 15
   324  00010C  8292               	bsf	3986,1,c	;volatile
   325                           
   326                           ; BSR set to: 15
   327                           ;main.c: 47: PinWrite.AN0 = 0;
   328  00010E  9089               	bcf	3977,0,c	;volatile
   329                           
   330                           ; BSR set to: 15
   331                           ;main.c: 48: PinWrite.AN1 = 0;
   332  000110  9289               	bcf	3977,1,c	;volatile
   333  000112                     l737:
   334                           
   335                           ;main.c: 53: {
   336                           ;main.c: 54: if(PinRead.AN0 == 1)
   337  000112  A080               	btfss	3968,0,c	;volatile
   338  000114  D003               	goto	l24
   339                           
   340                           ;main.c: 55: {
   341                           ;main.c: 56: PinWrite.RC0 = 0;
   342  000116  908B               	bcf	3979,0,c	;volatile
   343                           
   344                           ;main.c: 57: PinWrite.RA5 = 1;
   345  000118  8A89               	bsf	3977,5,c	;volatile
   346                           
   347                           ;main.c: 58: PinWrite.TX1 = 0;
   348  00011A  9C8B               	bcf	3979,6,c	;volatile
   349  00011C                     l24:
   350                           
   351                           ;main.c: 59: }
   352                           ;main.c: 60: if(PinRead.AN0 == 0)
   353  00011C  B080               	btfsc	3968,0,c	;volatile
   354  00011E  D003               	goto	l25
   355                           
   356                           ;main.c: 61: {
   357                           ;main.c: 62: PinWrite.RC0 = 1;
   358  000120  808B               	bsf	3979,0,c	;volatile
   359                           
   360                           ;main.c: 63: PinWrite.RA5 = 0;
   361  000122  9A89               	bcf	3977,5,c	;volatile
   362                           
   363                           ;main.c: 64: PinWrite.TX1 = 1;
   364  000124  8C8B               	bsf	3979,6,c	;volatile
   365  000126                     l25:
   366                           
   367                           ;main.c: 65: }
   368                           ;main.c: 66: if(PinRead.AN1 == 1)
   369  000126  A280               	btfss	3968,1,c	;volatile
   370  000128  D003               	goto	l26
   371                           
   372                           ;main.c: 67: {
   373                           ;main.c: 68: PinWrite.RB4 = 0;
   374  00012A  988A               	bcf	3978,4,c	;volatile
   375                           
   376                           ;main.c: 69: PinWrite.SDO2 = 1;
   377  00012C  868A               	bsf	3978,3,c	;volatile
   378                           
   379                           ;main.c: 70: PinWrite.RX1 = 0;
   380  00012E  9E8B               	bcf	3979,7,c	;volatile
   381  000130                     l26:
   382                           
   383                           ;main.c: 71: }
   384                           ;main.c: 72: if(PinRead.AN1 == 0)
   385  000130  B280               	btfsc	3968,1,c	;volatile
   386  000132  D7EF               	goto	l737
   387                           
   388                           ;main.c: 73: {
   389                           ;main.c: 74: PinWrite.RB4 = 1;
   390  000134  888A               	bsf	3978,4,c	;volatile
   391                           
   392                           ;main.c: 75: PinWrite.SDO2 = 0;
   393  000136  968A               	bcf	3978,3,c	;volatile
   394                           
   395                           ;main.c: 76: PinWrite.RX1 = 1;
   396  000138  8E8B               	bsf	3979,7,c	;volatile
   397  00013A  D7EB               	goto	l737
   398  00013C                     __end_of_main:
   399                           	opt stack 0
   400                           tosu	equ	0xFFF
   401                           tosh	equ	0xFFE
   402                           tosl	equ	0xFFD
   403                           pclath	equ	0xFFA
   404                           tblptru	equ	0xFF8
   405                           tblptrh	equ	0xFF7
   406                           tblptrl	equ	0xFF6
   407                           tablat	equ	0xFF5
   408                           postinc0	equ	0xFEE
   409                           postdec1	equ	0xFE5
   410                           fsr1l	equ	0xFE1
   411                           postinc2	equ	0xFDE
   412                           
   413 ;; *************** function _SetFreq_8MHZ *****************
   414 ;; Defined at:
   415 ;;		line 85 in file "EAB_Oscillator.c"
   416 ;; Parameters:    Size  Location     Type
   417 ;;		None
   418 ;; Auto vars:     Size  Location     Type
   419 ;;		None
   420 ;; Return value:  Size  Location     Type
   421 ;;                  1    wreg      unsigned char 
   422 ;; Registers used:
   423 ;;		wreg, status,2, status,0
   424 ;; Tracked objects:
   425 ;;		On entry : 0/0
   426 ;;		On exit  : 0/0
   427 ;;		Unchanged: 0/0
   428 ;; Data sizes:     COMRAM   BANK0   BANK1   BANK2   BANK3   BANK4   BANK5   BANK6   BANK7   BANK8   BANK9  BANK10  BANK1
      +1  BANK12  BANK13  BANK14  BANK15
   429 ;;      Params:         0       0       0       0       0       0       0       0       0       0       0       0       
      +0       0       0       0       0
   430 ;;      Locals:         0       0       0       0       0       0       0       0       0       0       0       0       
      +0       0       0       0       0
   431 ;;      Temps:          1       0       0       0       0       0       0       0       0       0       0       0       
      +0       0       0       0       0
   432 ;;      Totals:         1       0       0       0       0       0       0       0       0       0       0       0       
      +0       0       0       0       0
   433 ;;Total ram usage:        1 bytes
   434 ;; Hardware stack levels used:    1
   435 ;; Hardware stack levels required when called:    2
   436 ;; This function calls:
   437 ;;		Nothing
   438 ;; This function is called by:
   439 ;;		_main
   440 ;; This function uses a non-reentrant model
   441 ;;
   442                           
   443                           	psect	text1
   444  0001D4                     __ptext1:
   445                           	opt stack 0
   446  0001D4                     _SetFreq_8MHZ:
   447                           	opt stack 28
   448                           
   449                           ;incstack = 0
   450  0001D4  50D3               	movf	4051,w,c	;volatile
   451  0001D6  0B8C               	andlw	140
   452  0001D8  0962               	iorlw	98
   453  0001DA  6ED3               	movwf	4051,c	;volatile
   454  0001DC  6E20               	movwf	??_SetFreq_8MHZ& (0+255),c
   455  0001DE  0E06               	movlw	6
   456  0001E0  6E3B               	movwf	_OscFreqIndex,c
   457  0001E2  5020               	movf	??_SetFreq_8MHZ& (0+255),w,c
   458  0001E4  0E00               	movlw	0
   459  0001E6  6E37               	movwf	_OscFreq,c
   460  0001E8  0E12               	movlw	18
   461  0001EA  6E38               	movwf	_OscFreq+1,c
   462  0001EC  0E7A               	movlw	122
   463  0001EE  6E39               	movwf	_OscFreq+2,c
   464  0001F0  0E00               	movlw	0
   465  0001F2  6E3A               	movwf	_OscFreq+3,c
   466  0001F4  0012               	return	
   467  0001F6                     __end_of_SetFreq_8MHZ:
   468                           	opt stack 0
   469                           tosu	equ	0xFFF
   470                           tosh	equ	0xFFE
   471                           tosl	equ	0xFFD
   472                           pclath	equ	0xFFA
   473                           tblptru	equ	0xFF8
   474                           tblptrh	equ	0xFF7
   475                           tblptrl	equ	0xFF6
   476                           tablat	equ	0xFF5
   477                           postinc0	equ	0xFEE
   478                           postdec1	equ	0xFE5
   479                           fsr1l	equ	0xFE1
   480                           postinc2	equ	0xFDE
   481                           
   482 ;; *************** function _LowPriority_InterruptHandler *****************
   483 ;; Defined at:
   484 ;;		line 21 in file "EAB_InterruptHandler.c"
   485 ;; Parameters:    Size  Location     Type
   486 ;;		None
   487 ;; Auto vars:     Size  Location     Type
   488 ;;		None
   489 ;; Return value:  Size  Location     Type
   490 ;;		None               void
   491 ;; Registers used:
   492 ;;		None
   493 ;; Tracked objects:
   494 ;;		On entry : 0/0
   495 ;;		On exit  : 0/0
   496 ;;		Unchanged: 0/0
   497 ;; Data sizes:     COMRAM   BANK0   BANK1   BANK2   BANK3   BANK4   BANK5   BANK6   BANK7   BANK8   BANK9  BANK10  BANK1
      +1  BANK12  BANK13  BANK14  BANK15
   498 ;;      Params:         0       0       0       0       0       0       0       0       0       0       0       0       
      +0       0       0       0       0
   499 ;;      Locals:         0       0       0       0       0       0       0       0       0       0       0       0       
      +0       0       0       0       0
   500 ;;      Temps:         17       0       0       0       0       0       0       0       0       0       0       0       
      +0       0       0       0       0
   501 ;;      Totals:        17       0       0       0       0       0       0       0       0       0       0       0       
      +0       0       0       0       0
   502 ;;Total ram usage:       17 bytes
   503 ;; Hardware stack levels used:    1
   504 ;; Hardware stack levels required when called:    1
   505 ;; This function calls:
   506 ;;		Nothing
   507 ;; This function is called by:
   508 ;;		Interrupt level 1
   509 ;; This function uses a non-reentrant model
   510 ;;
   511                           
   512                           	psect	intcodelo
   513  000018                     __pintcodelo:
   514                           	opt stack 0
   515  000018                     _LowPriority_InterruptHandler:
   516                           	opt stack 28
   517                           
   518                           ;incstack = 0
   519  000018  CFD8 F001          	movff	status,??_LowPriority_InterruptHandler
   520  00001C  CFE8 F002          	movff	wreg,??_LowPriority_InterruptHandler+1
   521  000020  CFE0 F003          	movff	bsr,??_LowPriority_InterruptHandler+2
   522  000024  CFFA F004          	movff	pclath,??_LowPriority_InterruptHandler+3
   523  000028  CFFB F005          	movff	pclatu,??_LowPriority_InterruptHandler+4
   524  00002C  CFE9 F006          	movff	fsr0l,??_LowPriority_InterruptHandler+5
   525  000030  CFEA F007          	movff	fsr0h,??_LowPriority_InterruptHandler+6
   526  000034  CFE1 F008          	movff	fsr1l,??_LowPriority_InterruptHandler+7
   527  000038  CFE2 F009          	movff	fsr1h,??_LowPriority_InterruptHandler+8
   528  00003C  CFD9 F00A          	movff	fsr2l,??_LowPriority_InterruptHandler+9
   529  000040  CFDA F00B          	movff	fsr2h,??_LowPriority_InterruptHandler+10
   530  000044  CFF3 F00C          	movff	prodl,??_LowPriority_InterruptHandler+11
   531  000048  CFF4 F00D          	movff	prodh,??_LowPriority_InterruptHandler+12
   532  00004C  CFF6 F00E          	movff	tblptrl,??_LowPriority_InterruptHandler+13
   533  000050  CFF7 F00F          	movff	tblptrh,??_LowPriority_InterruptHandler+14
   534  000054  CFF8 F010          	movff	tblptru,??_LowPriority_InterruptHandler+15
   535  000058  CFF5 F011          	movff	tablat,??_LowPriority_InterruptHandler+16
   536  00005C  C011  FFF5         	movff	??_LowPriority_InterruptHandler+16,tablat
   537  000060  C010  FFF8         	movff	??_LowPriority_InterruptHandler+15,tblptru
   538  000064  C00F  FFF7         	movff	??_LowPriority_InterruptHandler+14,tblptrh
   539  000068  C00E  FFF6         	movff	??_LowPriority_InterruptHandler+13,tblptrl
   540  00006C  C00D  FFF4         	movff	??_LowPriority_InterruptHandler+12,prodh
   541  000070  C00C  FFF3         	movff	??_LowPriority_InterruptHandler+11,prodl
   542  000074  C00B  FFDA         	movff	??_LowPriority_InterruptHandler+10,fsr2h
   543  000078  C00A  FFD9         	movff	??_LowPriority_InterruptHandler+9,fsr2l
   544  00007C  C009  FFE2         	movff	??_LowPriority_InterruptHandler+8,fsr1h
   545  000080  C008  FFE1         	movff	??_LowPriority_InterruptHandler+7,fsr1l
   546  000084  C007  FFEA         	movff	??_LowPriority_InterruptHandler+6,fsr0h
   547  000088  C006  FFE9         	movff	??_LowPriority_InterruptHandler+5,fsr0l
   548  00008C  C005  FFFB         	movff	??_LowPriority_InterruptHandler+4,pclatu
   549  000090  C004  FFFA         	movff	??_LowPriority_InterruptHandler+3,pclath
   550  000094  C003  FFE0         	movff	??_LowPriority_InterruptHandler+2,bsr
   551  000098  C002  FFE8         	movff	??_LowPriority_InterruptHandler+1,wreg
   552  00009C  C001  FFD8         	movff	??_LowPriority_InterruptHandler,status
   553  0000A0  0010               	retfie	
   554  0000A2                     __end_of_LowPriority_InterruptHandler:
   555                           	opt stack 0
   556                           tosu	equ	0xFFF
   557                           tosh	equ	0xFFE
   558                           tosl	equ	0xFFD
   559                           pclatu	equ	0xFFB
   560                           pclath	equ	0xFFA
   561                           tblptru	equ	0xFF8
   562                           tblptrh	equ	0xFF7
   563                           tblptrl	equ	0xFF6
   564                           tablat	equ	0xFF5
   565                           prodh	equ	0xFF4
   566                           prodl	equ	0xFF3
   567                           postinc0	equ	0xFEE
   568                           fsr0h	equ	0xFEA
   569                           fsr0l	equ	0xFE9
   570                           wreg	equ	0xFE8
   571                           postdec1	equ	0xFE5
   572                           fsr1h	equ	0xFE2
   573                           fsr1l	equ	0xFE1
   574                           bsr	equ	0xFE0
   575                           postinc2	equ	0xFDE
   576                           fsr2h	equ	0xFDA
   577                           fsr2l	equ	0xFD9
   578                           status	equ	0xFD8
   579                           
   580 ;; *************** function _HighPriority_InterruptHandler *****************
   581 ;; Defined at:
   582 ;;		line 14 in file "EAB_InterruptHandler.c"
   583 ;; Parameters:    Size  Location     Type
   584 ;;		None
   585 ;; Auto vars:     Size  Location     Type
   586 ;;		None
   587 ;; Return value:  Size  Location     Type
   588 ;;		None               void
   589 ;; Registers used:
   590 ;;		None
   591 ;; Tracked objects:
   592 ;;		On entry : 0/0
   593 ;;		On exit  : 0/0
   594 ;;		Unchanged: 0/0
   595 ;; Data sizes:     COMRAM   BANK0   BANK1   BANK2   BANK3   BANK4   BANK5   BANK6   BANK7   BANK8   BANK9  BANK10  BANK1
      +1  BANK12  BANK13  BANK14  BANK15
   596 ;;      Params:         0       0       0       0       0       0       0       0       0       0       0       0       
      +0       0       0       0       0
   597 ;;      Locals:         0       0       0       0       0       0       0       0       0       0       0       0       
      +0       0       0       0       0
   598 ;;      Temps:         14       0       0       0       0       0       0       0       0       0       0       0       
      +0       0       0       0       0
   599 ;;      Totals:        14       0       0       0       0       0       0       0       0       0       0       0       
      +0       0       0       0       0
   600 ;;Total ram usage:       14 bytes
   601 ;; Hardware stack levels used:    1
   602 ;; This function calls:
   603 ;;		Nothing
   604 ;; This function is called by:
   605 ;;		Interrupt level 2
   606 ;; This function uses a non-reentrant model
   607 ;;
   608                           
   609                           	psect	intcode
   610  000008                     __pintcode:
   611                           	opt stack 0
   612  000008                     _HighPriority_InterruptHandler:
   613                           	opt stack 28
   614                           
   615                           ;incstack = 0
   616  000008  CFFA F012          	movff	pclath,??_HighPriority_InterruptHandler
   617  00000C  CFFB F013          	movff	pclatu,??_HighPriority_InterruptHandler+1
   618  000010  EF9E  F000         	goto	int_func
   619                           tosu	equ	0xFFF
   620                           tosh	equ	0xFFE
   621                           tosl	equ	0xFFD
   622                           pclatu	equ	0xFFB
   623                           pclath	equ	0xFFA
   624                           tblptru	equ	0xFF8
   625                           tblptrh	equ	0xFF7
   626                           tblptrl	equ	0xFF6
   627                           tablat	equ	0xFF5
   628                           prodh	equ	0xFF4
   629                           prodl	equ	0xFF3
   630                           postinc0	equ	0xFEE
   631                           fsr0h	equ	0xFEA
   632                           fsr0l	equ	0xFE9
   633                           wreg	equ	0xFE8
   634                           postdec1	equ	0xFE5
   635                           fsr1h	equ	0xFE2
   636                           fsr1l	equ	0xFE1
   637                           bsr	equ	0xFE0
   638                           postinc2	equ	0xFDE
   639                           fsr2h	equ	0xFDA
   640                           fsr2l	equ	0xFD9
   641                           status	equ	0xFD8
   642                           
   643                           	psect	intcode_body
   644  00013C                     __pintcode_body:
   645                           	opt stack 28
   646  00013C                     int_func:
   647                           	opt stack 28
   648  00013C  CFE9 F014          	movff	fsr0l,??_HighPriority_InterruptHandler+2
   649  000140  CFEA F015          	movff	fsr0h,??_HighPriority_InterruptHandler+3
   650  000144  CFE1 F016          	movff	fsr1l,??_HighPriority_InterruptHandler+4
   651  000148  CFE2 F017          	movff	fsr1h,??_HighPriority_InterruptHandler+5
   652  00014C  CFD9 F018          	movff	fsr2l,??_HighPriority_InterruptHandler+6
   653  000150  CFDA F019          	movff	fsr2h,??_HighPriority_InterruptHandler+7
   654  000154  CFF3 F01A          	movff	prodl,??_HighPriority_InterruptHandler+8
   655  000158  CFF4 F01B          	movff	prodh,??_HighPriority_InterruptHandler+9
   656  00015C  CFF6 F01C          	movff	tblptrl,??_HighPriority_InterruptHandler+10
   657  000160  CFF7 F01D          	movff	tblptrh,??_HighPriority_InterruptHandler+11
   658  000164  CFF8 F01E          	movff	tblptru,??_HighPriority_InterruptHandler+12
   659  000168  CFF5 F01F          	movff	tablat,??_HighPriority_InterruptHandler+13
   660  00016C  C01F  FFF5         	movff	??_HighPriority_InterruptHandler+13,tablat
   661  000170  C01E  FFF8         	movff	??_HighPriority_InterruptHandler+12,tblptru
   662  000174  C01D  FFF7         	movff	??_HighPriority_InterruptHandler+11,tblptrh
   663  000178  C01C  FFF6         	movff	??_HighPriority_InterruptHandler+10,tblptrl
   664  00017C  C01B  FFF4         	movff	??_HighPriority_InterruptHandler+9,prodh
   665  000180  C01A  FFF3         	movff	??_HighPriority_InterruptHandler+8,prodl
   666  000184  C019  FFDA         	movff	??_HighPriority_InterruptHandler+7,fsr2h
   667  000188  C018  FFD9         	movff	??_HighPriority_InterruptHandler+6,fsr2l
   668  00018C  C017  FFE2         	movff	??_HighPriority_InterruptHandler+5,fsr1h
   669  000190  C016  FFE1         	movff	??_HighPriority_InterruptHandler+4,fsr1l
   670  000194  C015  FFEA         	movff	??_HighPriority_InterruptHandler+3,fsr0h
   671  000198  C014  FFE9         	movff	??_HighPriority_InterruptHandler+2,fsr0l
   672  00019C  C013  FFFB         	movff	??_HighPriority_InterruptHandler+1,pclatu
   673  0001A0  C012  FFFA         	movff	??_HighPriority_InterruptHandler,pclath
   674  0001A4  0011               	retfie		f
   675  0001A6                     __end_of_HighPriority_InterruptHandler:
   676                           	opt stack 0
   677  0000                     tosu	equ	0xFFF
   678                           tosh	equ	0xFFE
   679                           tosl	equ	0xFFD
   680                           pclatu	equ	0xFFB
   681                           pclath	equ	0xFFA
   682                           tblptru	equ	0xFF8
   683                           tblptrh	equ	0xFF7
   684                           tblptrl	equ	0xFF6
   685                           tablat	equ	0xFF5
   686                           prodh	equ	0xFF4
   687                           prodl	equ	0xFF3
   688                           postinc0	equ	0xFEE
   689                           fsr0h	equ	0xFEA
   690                           fsr0l	equ	0xFE9
   691                           wreg	equ	0xFE8
   692                           postdec1	equ	0xFE5
   693                           fsr1h	equ	0xFE2
   694                           fsr1l	equ	0xFE1
   695                           bsr	equ	0xFE0
   696                           postinc2	equ	0xFDE
   697                           fsr2h	equ	0xFDA
   698                           fsr2l	equ	0xFD9
   699                           status	equ	0xFD8
   700                           tosu	equ	0xFFF
   701                           tosh	equ	0xFFE
   702                           tosl	equ	0xFFD
   703                           pclatu	equ	0xFFB
   704                           pclath	equ	0xFFA
   705                           tblptru	equ	0xFF8
   706                           tblptrh	equ	0xFF7
   707                           tblptrl	equ	0xFF6
   708                           tablat	equ	0xFF5
   709                           prodh	equ	0xFF4
   710                           prodl	equ	0xFF3
   711                           postinc0	equ	0xFEE
   712                           fsr0h	equ	0xFEA
   713                           fsr0l	equ	0xFE9
   714                           wreg	equ	0xFE8
   715                           postdec1	equ	0xFE5
   716                           fsr1h	equ	0xFE2
   717                           fsr1l	equ	0xFE1
   718                           bsr	equ	0xFE0
   719                           postinc2	equ	0xFDE
   720                           fsr2h	equ	0xFDA
   721                           fsr2l	equ	0xFD9
   722                           status	equ	0xFD8
   723                           
   724                           	psect	rparam
   725  0000                     tosu	equ	0xFFF
   726                           tosh	equ	0xFFE
   727                           tosl	equ	0xFFD
   728                           pclatu	equ	0xFFB
   729                           pclath	equ	0xFFA
   730                           tblptru	equ	0xFF8
   731                           tblptrh	equ	0xFF7
   732                           tblptrl	equ	0xFF6
   733                           tablat	equ	0xFF5
   734                           prodh	equ	0xFF4
   735                           prodl	equ	0xFF3
   736                           postinc0	equ	0xFEE
   737                           fsr0h	equ	0xFEA
   738                           fsr0l	equ	0xFE9
   739                           wreg	equ	0xFE8
   740                           postdec1	equ	0xFE5
   741                           fsr1h	equ	0xFE2
   742                           fsr1l	equ	0xFE1
   743                           bsr	equ	0xFE0
   744                           postinc2	equ	0xFDE
   745                           fsr2h	equ	0xFDA
   746                           fsr2l	equ	0xFD9
   747                           status	equ	0xFD8


Data Sizes:
    Strings     0
    Constant    0
    Data        27
    BSS         2
    Persistent  0
    Stack       0

Auto Spaces:
    Space          Size  Autos    Used
    COMRAM           95     32      61
    BANK0           160      0       0
    BANK1           256      0       0
    BANK2           256      0       0
    BANK3           256      0       0
    BANK4           256      0       0
    BANK5           256      0       0
    BANK6           256      0       0
    BANK7           256      0       0
    BANK8           256      0       0
    BANK9           256      0       0
    BANK10          256      0       0
    BANK11          256      0       0
    BANK12          256      0       0
    BANK13          256      0       0
    BANK14          256      0       0
    BANK15           56      0       0

Pointer List with Targets:

    S37$GetFreq	PTR FTN()long  size(2) Largest target is 4
		 -> GetFreq(), 

    Oscillator.GetFreq	PTR FTN()long  size(2) Largest target is 4
		 -> GetFreq(), 

    S37$SetFreq_64MHZ	PTR FTN()unsigned char  size(2) Largest target is 1
		 -> SetFreq_64MHZ(), 

    Oscillator.SetFreq_64MHZ	PTR FTN()unsigned char  size(2) Largest target is 1
		 -> SetFreq_64MHZ(), 

    S37$SetFreq_32MHZ	PTR FTN()unsigned char  size(2) Largest target is 1
		 -> SetFreq_32MHZ(), 

    Oscillator.SetFreq_32MHZ	PTR FTN()unsigned char  size(2) Largest target is 1
		 -> SetFreq_32MHZ(), 

    S37$SetFreq_16MHZ	PTR FTN()unsigned char  size(2) Largest target is 1
		 -> SetFreq_16MHZ(), 

    Oscillator.SetFreq_16MHZ	PTR FTN()unsigned char  size(2) Largest target is 1
		 -> SetFreq_16MHZ(), 

    S37$SetFreq_8MHZ	PTR FTN()unsigned char  size(2) Largest target is 1
		 -> SetFreq_8MHZ(), 

    Oscillator.SetFreq_8MHZ	PTR FTN()unsigned char  size(2) Largest target is 1
		 -> SetFreq_8MHZ(), 

    S37$SetFreq_4MHZ	PTR FTN()unsigned char  size(2) Largest target is 1
		 -> SetFreq_4MHZ(), 

    Oscillator.SetFreq_4MHZ	PTR FTN()unsigned char  size(2) Largest target is 1
		 -> SetFreq_4MHZ(), 

    S37$SetFreq_2MHZ	PTR FTN()unsigned char  size(2) Largest target is 1
		 -> SetFreq_2MHZ(), 

    Oscillator.SetFreq_2MHZ	PTR FTN()unsigned char  size(2) Largest target is 1
		 -> SetFreq_2MHZ(), 

    S37$SetFreq_1MHZ	PTR FTN()unsigned char  size(2) Largest target is 1
		 -> SetFreq_1MHZ(), 

    Oscillator.SetFreq_1MHZ	PTR FTN()unsigned char  size(2) Largest target is 1
		 -> SetFreq_1MHZ(), 

    S37$SetFreq_500KHZ	PTR FTN()unsigned char  size(2) Largest target is 1
		 -> SetFreq_500KHZ(), 

    Oscillator.SetFreq_500KHZ	PTR FTN()unsigned char  size(2) Largest target is 1
		 -> SetFreq_500KHZ(), 

    S37$SetFreq_250KHZ	PTR FTN()unsigned char  size(2) Largest target is 1
		 -> SetFreq_250KHZ(), 

    Oscillator.SetFreq_250KHZ	PTR FTN()unsigned char  size(2) Largest target is 1
		 -> SetFreq_250KHZ(), 

    S37$SetFreq_31KHZ	PTR FTN()unsigned char  size(2) Largest target is 1
		 -> SetFreq_31_25KHZ(), 

    Oscillator.SetFreq_31KHZ	PTR FTN()unsigned char  size(2) Largest target is 1
		 -> SetFreq_31_25KHZ(), 


Critical Paths under _main in COMRAM

    _main->_SetFreq_8MHZ

Critical Paths under _HighPriority_InterruptHandler in COMRAM

    None.

Critical Paths under _LowPriority_InterruptHandler in COMRAM

    None.

Critical Paths under _main in BANK0

    None.

Critical Paths under _HighPriority_InterruptHandler in BANK0

    None.

Critical Paths under _LowPriority_InterruptHandler in BANK0

    None.

Critical Paths under _main in BANK1

    None.

Critical Paths under _HighPriority_InterruptHandler in BANK1

    None.

Critical Paths under _LowPriority_InterruptHandler in BANK1

    None.

Critical Paths under _main in BANK2

    None.

Critical Paths under _HighPriority_InterruptHandler in BANK2

    None.

Critical Paths under _LowPriority_InterruptHandler in BANK2

    None.

Critical Paths under _main in BANK3

    None.

Critical Paths under _HighPriority_InterruptHandler in BANK3

    None.

Critical Paths under _LowPriority_InterruptHandler in BANK3

    None.

Critical Paths under _main in BANK4

    None.

Critical Paths under _HighPriority_InterruptHandler in BANK4

    None.

Critical Paths under _LowPriority_InterruptHandler in BANK4

    None.

Critical Paths under _main in BANK5

    None.

Critical Paths under _HighPriority_InterruptHandler in BANK5

    None.

Critical Paths under _LowPriority_InterruptHandler in BANK5

    None.

Critical Paths under _main in BANK6

    None.

Critical Paths under _HighPriority_InterruptHandler in BANK6

    None.

Critical Paths under _LowPriority_InterruptHandler in BANK6

    None.

Critical Paths under _main in BANK7

    None.

Critical Paths under _HighPriority_InterruptHandler in BANK7

    None.

Critical Paths under _LowPriority_InterruptHandler in BANK7

    None.

Critical Paths under _main in BANK8

    None.

Critical Paths under _HighPriority_InterruptHandler in BANK8

    None.

Critical Paths under _LowPriority_InterruptHandler in BANK8

    None.

Critical Paths under _main in BANK9

    None.

Critical Paths under _HighPriority_InterruptHandler in BANK9

    None.

Critical Paths under _LowPriority_InterruptHandler in BANK9

    None.

Critical Paths under _main in BANK10

    None.

Critical Paths under _HighPriority_InterruptHandler in BANK10

    None.

Critical Paths under _LowPriority_InterruptHandler in BANK10

    None.

Critical Paths under _main in BANK11

    None.

Critical Paths under _HighPriority_InterruptHandler in BANK11

    None.

Critical Paths under _LowPriority_InterruptHandler in BANK11

    None.

Critical Paths under _main in BANK12

    None.

Critical Paths under _HighPriority_InterruptHandler in BANK12

    None.

Critical Paths under _LowPriority_InterruptHandler in BANK12

    None.

Critical Paths under _main in BANK13

    None.

Critical Paths under _HighPriority_InterruptHandler in BANK13

    None.

Critical Paths under _LowPriority_InterruptHandler in BANK13

    None.

Critical Paths under _main in BANK14

    None.

Critical Paths under _HighPriority_InterruptHandler in BANK14

    None.

Critical Paths under _LowPriority_InterruptHandler in BANK14

    None.

Critical Paths under _main in BANK15

    None.

Critical Paths under _HighPriority_InterruptHandler in BANK15

    None.

Critical Paths under _LowPriority_InterruptHandler in BANK15

    None.

Call Graph Tables:

 ---------------------------------------------------------------------------------
 (Depth) Function   	        Calls       Base Space   Used Autos Params    Refs
 ---------------------------------------------------------------------------------
 (0) _main                                                 0     0      0       0
                       _SetFreq_8MHZ *
 ---------------------------------------------------------------------------------
 (1) _SetFreq_8MHZ                                         1     1      0       0
                                             31 COMRAM     1     1      0
 ---------------------------------------------------------------------------------
 Estimated maximum stack depth 1
 ---------------------------------------------------------------------------------
 (Depth) Function   	        Calls       Base Space   Used Autos Params    Refs
 ---------------------------------------------------------------------------------
 (2) _LowPriority_InterruptHandler                        17    17      0       0
                                              0 COMRAM    17    17      0
 ---------------------------------------------------------------------------------
 Estimated maximum stack depth 2
 ---------------------------------------------------------------------------------
 (Depth) Function   	        Calls       Base Space   Used Autos Params    Refs
 ---------------------------------------------------------------------------------
 (3) _HighPriority_InterruptHandler                       14    14      0       0
                                             17 COMRAM    14    14      0
 ---------------------------------------------------------------------------------
 Estimated maximum stack depth 3
 ---------------------------------------------------------------------------------

 Call Graph Graphs:

 _main (ROOT)
   _SetFreq_8MHZ *

 _LowPriority_InterruptHandler (ROOT)

 _HighPriority_InterruptHandler (ROOT)

 Address spaces:
Name               Size   Autos  Total    Cost      Usage
BIGRAM             F37      0       0      37        0.0%
EEDATA             400      0       0       0        0.0%
BITBANK14          100      0       0      33        0.0%
BANK14             100      0       0      34        0.0%
BITBANK13          100      0       0      31        0.0%
BANK13             100      0       0      32        0.0%
BITBANK12          100      0       0      29        0.0%
BANK12             100      0       0      30        0.0%
BITBANK11          100      0       0      27        0.0%
BANK11             100      0       0      28        0.0%
BITBANK10          100      0       0      25        0.0%
BANK10             100      0       0      26        0.0%
BITBANK9           100      0       0      23        0.0%
BANK9              100      0       0      24        0.0%
BITBANK8           100      0       0      21        0.0%
BANK8              100      0       0      22        0.0%
BITBANK7           100      0       0      19        0.0%
BANK7              100      0       0      20        0.0%
BITBANK6           100      0       0      17        0.0%
BANK6              100      0       0      18        0.0%
BITBANK5           100      0       0      15        0.0%
BANK5              100      0       0      16        0.0%
BITBANK4           100      0       0      13        0.0%
BANK4              100      0       0      14        0.0%
BITBANK3           100      0       0      10        0.0%
BANK3              100      0       0      11        0.0%
BITBANK2           100      0       0       8        0.0%
BANK2              100      0       0       9        0.0%
BITBANK1           100      0       0       6        0.0%
BANK1              100      0       0       7        0.0%
BITBANK0            A0      0       0       4        0.0%
BANK0               A0      0       0       5        0.0%
BITCOMRAM           5F      0       0       0        0.0%
COMRAM              5F     20      3D       1       64.2%
BITBANK15           38      0       0      35        0.0%
BANK15              38      0       0      36        0.0%
BITSFR_1             0      0       0      40        0.0%
SFR_1                0      0       0      40        0.0%
BITSFR               0      0       0      40        0.0%
SFR                  0      0       0      40        0.0%
STACK                0      0       0       2        0.0%
NULL                 0      0       0       0        0.0%
ABS                  0      0      3D      12        0.0%
DATA                 0      0      3D       3        0.0%
CODE                 0      0       0       0        0.0%


Microchip Technology PIC18 Macro Assembler V1.30 build 55553 
Symbol Table                                                                                   Tue May 06 11:28:01 2014

                                    l24 011C                                      l25 0126  
                                    l26 0130                                      u18 00AE  
                                    u19 00C2                                      bsr 000FE0  
                                   l737 0112                                     tosl 000FFD  
                                   wreg 000FE8                            __CFG_LVP$OFF 000000  
                                  _main 00A6                                    fsr0h 000FEA  
                                  fsr1h 000FE2                                    fsr0l 000FE9  
                                  fsr2h 000FDA                                    fsr1l 000FE1  
                                  fsr2l 000FD9                                    pclat 000FFA  
                                  prodh 000FF4                                    prodl 000FF3  
                                  start 00A2                                   ?_main 0001  
                        __CFG_DEBUG$OFF 000000                                   pclath 000FFA  
                                 tablat 000FF5                                   status 000FD8  
                       __initialization 01A6                            __end_of_main 013C  
                                ??_main 0021                           __activetblptr 000002  
                        __CFG_WDTEN$OFF 000000                                  _OSCCON 000FD3  
                            _Oscillator 0021                           ?_SetFreq_8MHZ 0001  
                          __pdataCOMRAM 0021                                  tblptrh 000FF7  
                                tblptrl 000FF6                                  tblptru 000FF8  
                            __accesstop 0060                 __end_of__initialization 01CA  
                        __pcstackCOMRAM 0001                          ??_SetFreq_8MHZ 0020  
                           _PinFunction 000F38                              _delayCount 003C  
                         _SetFreq_32MHZ 000000                           _SetFreq_16MHZ 000000  
 __end_of_HighPriority_InterruptHandler 01A6  __size_of_HighPriority_InterruptHandler 019E  
         _HighPriority_InterruptHandler 0008                           _SetFreq_64MHZ 000000  
                               _GetFreq 000000                                 _PinRead 000F80  
                               _OscFreq 0037                                 __Hparam 0000  
                               __Lparam 0000                                 __pcinit 01A6  
                               __ramtop 1000                                 __ptext0 00A6  
                               __ptext1 01D4                          __pintcode_body 013C  
                  end_of_initialization 01CA                    __end_of_SetFreq_8MHZ 01F6  
                         __Lmediumconst 0000                                 int_func 013C  
                               postdec1 000FE5                                 postinc0 000FEE  
                               postinc2 000FDE    __end_of_LowPriority_InterruptHandler 00A2  
 __size_of_LowPriority_InterruptHandler 008A            _LowPriority_InterruptHandler 0018  
                      __CFG_FOSC$INTIO7 000000          ?_HighPriority_InterruptHandler 0001  
                         __pidataCOMRAM 01F6           ?_LowPriority_InterruptHandler 0001  
                   start_initialization 01A6                            _PinDirection 000F92  
                           __pbssCOMRAM 003C                   __size_of_SetFreq_8MHZ 0022  
                          _OscFreqIndex 003B                               __pintcode 0008  
                          _SetFreq_1MHZ 000000                            _SetFreq_2MHZ 000000  
                          _SetFreq_4MHZ 000000                             __pintcodelo 0018  
                          _SetFreq_8MHZ 01D4          ??_LowPriority_InterruptHandler 0001  
                        _SetFreq_250KHZ 000000                          _SetFreq_500KHZ 000000  
                             copy_data0 01BE                                _PinWrite 000F89  
                              __Hrparam 0000         ??_HighPriority_InterruptHandler 0012  
                              __Lrparam 0000                             _OSCCON2bits 000FD2  
                      _SetFreq_31_25KHZ 000000                           __size_of_main 0096  
                           _OSCTUNEbits 000F9B                                intlevel1 0000  
                              intlevel2 0000                              _OSCCONbits 000FD3  
