

Microchip Technology PIC18 LITE Macro Assembler V1.30 build 55553 
                                                                                               Wed Apr 23 16:01:32 2014

Microchip Technology Omniscient Code Generator (Lite mode) build 55553
     1                           	processor	18F26K22
     2                           	fnconf	rparam,??,?,0
     3                           	opt	pw 120
     4                           	opt	lm
     5                           	psect	idataCOMRAM,global,class=CODE,delta=1
     6                           	psect	smallconst,global,reloc=2,class=SMALLCONST,delta=1
     7                           	psect	cinit,global,reloc=2,class=CODE,delta=1
     8                           	psect	bssCOMRAM,global,class=COMRAM,space=1,delta=1
     9                           	psect	dataCOMRAM,global,class=COMRAM,space=1,delta=1
    10                           	psect	cstackCOMRAM,global,class=COMRAM,space=1,delta=1
    11                           	psect	text0,global,reloc=2,class=CODE,delta=1
    12                           	psect	text1,global,reloc=2,class=CODE,delta=1
    13                           	psect	text2,global,reloc=2,class=CODE,delta=1
    14                           	psect	text3,global,reloc=2,class=CODE,delta=1
    15                           	psect	intcodelo,global,reloc=2,class=CODE,delta=1
    16                           	psect	intcode,global,reloc=2,class=CODE,delta=1
    17                           	psect	intcode_body,global,reloc=2,class=CODE,delta=1
    18                           	psect	intsave_regs,global,class=BIGRAM,space=1,delta=1
    19                           	psect	rparam,global,class=COMRAM,space=1,delta=1
    20  0000                     
    21 ;; Function _SetFreq_31_25KHZ is unused but had its address taken
    22  0000                     
    23 ;; Function _SetFreq_250KHZ is unused but had its address taken
    24  0000                     
    25 ;; Function _SetFreq_500KHZ is unused but had its address taken
    26  0000                     
    27 ;; Function _SetFreq_1MHZ is unused but had its address taken
    28  0000                     
    29 ;; Function _SetFreq_2MHZ is unused but had its address taken
    30  0000                     
    31 ;; Function _SetFreq_4MHZ is unused but had its address taken
    32  0000                     
    33 ;; Function _SetFreq_16MHZ is unused but had its address taken
    34  0000                     
    35 ;; Function _SetFreq_32MHZ is unused but had its address taken
    36  0000                     
    37 ;; Function _SetFreq_64MHZ is unused but had its address taken
    38  0000                     
    39 ;; Function _GetFreq is unused but had its address taken
    40  0000                     
    41 ;; Function _SetTimer0_1Sec is unused but had its address taken
    42  0000                     
    43 ;; Function _SetTimer0_130milliSec is unused but had its address taken
    44  0000                     
    45 ;; Function _SetTimer0_16milliSec is unused but had its address taken
    46  0000                     
    47 ;; Function _SetTimer0_1millSec is unused but had its address taken
    48  0000                     
    49 ;; Function _Timer0Int is unused but had its address taken
    50  0000                     
    51 ;; Function _SetTimer1 is unused but had its address taken
    52  0000                     
    53 ;; Function _Timer1Int is unused but had its address taken
    54  0000                     
    55 ;; Function _SetTimer2_1millSec is unused but had its address taken
    56  0000                     
    57 ;; Function _SetTimer2_100microSec is unused but had its address taken
    58  0000                     
    59 ;; Function _Timer2Int is unused but had its address taken
    60  0000                     
    61                           	psect	idataCOMRAM
    62  0012E4                     __pidataCOMRAM:
    63                           	opt stack 0
    64                           
    65                           ;initializer for _Oscillator
    66  0012E4  0000               	dw	0
    67  0012E6  0000               	dw	0
    68  0012E8  0000               	dw	0
    69  0012EA  0000               	dw	0
    70  0012EC  0000               	dw	0
    71  0012EE  0000               	dw	0
    72  0012F0  12A2               	dw	_SetFreq_8MHZ& (0+65535)
    73  0012F2  0000               	dw	0
    74  0012F4  0000               	dw	0
    75  0012F6  0000               	dw	0
    76  0012F8  0000               	dw	0
    77                           
    78                           ;initializer for _OscFreq
    79  0012FA  4240               	dw	16960
    80  0012FC  000F               	dw	15
    81                           
    82                           ;initializer for _OscFreqIndex
    83  0012FE  03                 	db	3
    84                           
    85                           	psect	smallconst
    86  001000                     __psmallconst:
    87                           	opt stack 0
    88  001000  00                 	db	0
    89  001001                     _Timer0:
    90                           	opt stack 0
    91  001001  0000               	dw	0
    92  001003  0000               	dw	0
    93  001005  0000               	dw	0
    94  001007  0000               	dw	0
    95  001009  12C4               	dw	_SetTimer0& (0+65535)
    96  00100B  0000               	dw	0
    97  00100D  3A                 	db	58
    98  00100E  2C                 	db	44
    99  00100F  7E                 	db	126
   100  001010                     __end_of_Timer0:
   101                           	opt stack 0
   102  001010                     _Timer2:
   103                           	opt stack 0
   104  001010  0000               	dw	0
   105  001012  0000               	dw	0
   106  001014  1278               	dw	_SetTimer2& (0+65535)
   107  001016  0000               	dw	0
   108  001018  AA                 	db	170
   109  001019  B3                 	db	179
   110  00101A  3E                 	db	62
   111  00101B  98                 	db	152
   112  00101C  BA                 	db	186
   113  00101D  DC                 	db	220
   114  00101E  FE                 	db	254
   115  00101F                     __end_of_Timer2:
   116                           	opt stack 0
   117  00101F                     _TIMER0_130mSec:
   118                           	opt stack 0
   119  00101F  C1                 	db	193
   120  001020  C4                 	db	196
   121  001021  C5                 	db	197
   122  001022  C6                 	db	198
   123  001023  C7                 	db	199
   124  001024  80                 	db	128
   125  001025  81                 	db	129
   126  001026  82                 	db	130
   127  001027  83                 	db	131
   128  001028  84                 	db	132
   129  001029                     __end_of_TIMER0_130mSec:
   130                           	opt stack 0
   131  001029                     _TIMER0_1Sec:
   132                           	opt stack 0
   133  001029  C4                 	db	196
   134  00102A  C7                 	db	199
   135  00102B  80                 	db	128
   136  00102C  81                 	db	129
   137  00102D  82                 	db	130
   138  00102E  83                 	db	131
   139  00102F  84                 	db	132
   140  001030  85                 	db	133
   141  001031  86                 	db	134
   142  001032  87                 	db	135
   143  001033                     __end_of_TIMER0_1Sec:
   144                           	opt stack 0
   145  001033                     _TIMER2_100usec:
   146                           	opt stack 0
   147  001033  84                 	db	132
   148  001034  84                 	db	132
   149  001035  84                 	db	132
   150  001036  84                 	db	132
   151  001037  84                 	db	132
   152  001038  84                 	db	132
   153  001039  8C                 	db	140
   154  00103A  9C                 	db	156
   155  00103B  BC                 	db	188
   156  00103C  00                 	db	0
   157  00103D                     __end_of_TIMER2_100usec:
   158                           	opt stack 0
   159  00103D                     _TIMER2_1msec:
   160                           	opt stack 0
   161  00103D  84                 	db	132
   162  00103E  84                 	db	132
   163  00103F  84                 	db	132
   164  001040  84                 	db	132
   165  001041  CC                 	db	204
   166  001042  CC                 	db	204
   167  001043  CC                 	db	204
   168  001044  A5                 	db	165
   169  001045  CD                 	db	205
   170  001046  A7                 	db	167
   171  001047                     __end_of_TIMER2_1msec:
   172                           	opt stack 0
   173  001047                     _TIMER2_PR2_1msec:
   174                           	opt stack 0
   175  001047  08                 	db	8
   176  001048  3E                 	db	62
   177  001049  7D                 	db	125
   178  00104A  FA                 	db	250
   179  00104B  32                 	db	50
   180  00104C  64                 	db	100
   181  00104D  C8                 	db	200
   182  00104E  C8                 	db	200
   183  00104F  C8                 	db	200
   184  001050  C8                 	db	200
   185  001051                     __end_of_TIMER2_PR2_1msec:
   186                           	opt stack 0
   187  001051                     _TIMER0_16mSec:
   188                           	opt stack 0
   189  001051  C1                 	db	193
   190  001052  C2                 	db	194
   191  001053  C3                 	db	195
   192  001054  C4                 	db	196
   193  001055  C5                 	db	197
   194  001056  C6                 	db	198
   195  001057  C7                 	db	199
   196  001058  80                 	db	128
   197  001059  81                 	db	129
   198  00105A                     __end_of_TIMER0_16mSec:
   199                           	opt stack 0
   200  00105A                     _TIMER2_PR2_100usec:
   201                           	opt stack 0
   202  00105A  06                 	db	6
   203  00105B  0D                 	db	13
   204  00105C  19                 	db	25
   205  00105D  32                 	db	50
   206  00105E  64                 	db	100
   207  00105F  C8                 	db	200
   208  001060  C8                 	db	200
   209  001061  C8                 	db	200
   210  001062  C8                 	db	200
   211  001063                     __end_of_TIMER2_PR2_100usec:
   212                           	opt stack 0
   213  001063                     _TIMER0_1mSec:
   214                           	opt stack 0
   215  001063  C0                 	db	192
   216  001064  C1                 	db	193
   217  001065  C2                 	db	194
   218  001066  C3                 	db	195
   219  001067  C4                 	db	196
   220  001068  C5                 	db	197
   221  001069                     __end_of_TIMER0_1mSec:
   222                           	opt stack 0
   223  001069                     _Timer1:
   224                           	opt stack 0
   225  001069  0000               	dw	0
   226  00106B  0000               	dw	0
   227  00106D  3A                 	db	58
   228  00106E                     __end_of_Timer1:
   229                           	opt stack 0
   230  0000                     _PinDirection	set	3986
   231  0000                     _PinFunction	set	3896
   232  0000                     _PinRead	set	3968
   233  0000                     _PinWrite	set	3977
   234  0000                     _INTCONbits	set	4082
   235  0000                     _IPR1bits	set	3999
   236  0000                     _OSCCON	set	4051
   237  0000                     _OSCCON2bits	set	4050
   238  0000                     _OSCCONbits	set	4051
   239  0000                     _OSCTUNEbits	set	3995
   240  0000                     _PIE1bits	set	3997
   241  0000                     _PIR1bits	set	3998
   242  0000                     _PR2	set	4027
   243  0000                     _RCONbits	set	4048
   244  0000                     _T0CON	set	4053
   245  0000                     _T0CONbits	set	4053
   246  0000                     _T1CONbits	set	4045
   247  0000                     _T2CON	set	4026
   248  0000                     _T2CONbits	set	4026
   249                           
   250                           ; #config settings
   251  00106E  00                 	db	0	; dummy byte at the end
   252  0000                     
   253                           	psect	cinit
   254  00124E                     __pcinit:
   255                           	opt stack 0
   256  00124E                     start_initialization:
   257                           	opt stack 0
   258  00124E                     __initialization:
   259                           	opt stack 0
   260                           
   261                           ; Clear objects allocated to COMRAM (2 bytes)
   262  00124E  6A47               	clrf	(__pbssCOMRAM+1)& (0+255),c
   263  001250  6A46               	clrf	__pbssCOMRAM& (0+255),c
   264                           
   265                           ; Initialize objects allocated to COMRAM (27 bytes)
   266                           ; load TBLPTR registers with __pidataCOMRAM
   267  001252  0EE4               	movlw	low __pidataCOMRAM
   268  001254  6EF6               	movwf	tblptrl,c
   269  001256  0E12               	movlw	high __pidataCOMRAM
   270  001258  6EF7               	movwf	tblptrh,c
   271  00125A  0E00               	movlw	low (__pidataCOMRAM shr (0+16))
   272  00125C  6EF8               	movwf	tblptru,c
   273  00125E  EE00  F02B         	lfsr	0,__pdataCOMRAM
   274  001262  EE10 F01B          	lfsr	1,27
   275  001266                     copy_data0:
   276  001266  0009               	tblrd		*+
   277  001268  CFF5 FFEE          	movff	tablat,postinc0
   278  00126C  50E5               	movf	postdec1,w,c
   279  00126E  50E1               	movf	fsr1l,w,c
   280  001270  E1FA               	bnz	copy_data0
   281  001272                     end_of_initialization:
   282                           	opt stack 0
   283  001272                     __end_of__initialization:
   284                           	opt stack 0
   285  001272  0100               	movlb	0
   286  001274  EF38  F008         	goto	_main	;jump to C main() function
   287                           tblptru	equ	0xFF8
   288                           tblptrh	equ	0xFF7
   289                           tblptrl	equ	0xFF6
   290                           tablat	equ	0xFF5
   291                           postinc0	equ	0xFEE
   292                           postdec1	equ	0xFE5
   293                           fsr1l	equ	0xFE1
   294                           
   295                           	psect	bssCOMRAM
   296  000046                     __pbssCOMRAM:
   297                           	opt stack 0
   298  000046                     _delayCount:
   299                           	opt stack 0
   300  000046                     	ds	2
   301                           tblptru	equ	0xFF8
   302                           tblptrh	equ	0xFF7
   303                           tblptrl	equ	0xFF6
   304                           tablat	equ	0xFF5
   305                           postinc0	equ	0xFEE
   306                           postdec1	equ	0xFE5
   307                           fsr1l	equ	0xFE1
   308                           
   309                           	psect	dataCOMRAM
   310  00002B                     __pdataCOMRAM:
   311                           	opt stack 0
   312  00002B                     _Oscillator:
   313                           	opt stack 0
   314  00002B                     	ds	22
   315  000041                     _OscFreq:
   316                           	opt stack 0
   317  000041                     	ds	4
   318  000045                     _OscFreqIndex:
   319                           	opt stack 0
   320  000045                     	ds	1
   321                           tblptru	equ	0xFF8
   322                           tblptrh	equ	0xFF7
   323                           tblptrl	equ	0xFF6
   324                           tablat	equ	0xFF5
   325                           postinc0	equ	0xFEE
   326                           postdec1	equ	0xFE5
   327                           fsr1l	equ	0xFE1
   328                           
   329                           	psect	cstackCOMRAM
   330  000001                     __pcstackCOMRAM:
   331                           	opt stack 0
   332  000001                     ??_LowPriority_InterruptHandler:
   333  000001                     
   334                           ; 1 bytes @ 0x0
   335  000001                     	ds	17
   336  000012                     ??_HighPriority_InterruptHandler:
   337                           
   338                           ; 0 bytes @ 0x11
   339  000012                     	ds	14
   340  000020                     ??_SetFreq_8MHZ:
   341  000020                     SetTimer0@Counter:
   342                           	opt stack 0
   343  000020                     SetTimer2@postscalar:
   344                           	opt stack 0
   345                           
   346                           ; 1 bytes @ 0x1F
   347  000020                     	ds	1
   348  000021                     SetTimer0@Prescalar:
   349                           	opt stack 0
   350  000021                     SetTimer2@period:
   351                           	opt stack 0
   352                           
   353                           ; 1 bytes @ 0x20
   354  000021                     	ds	1
   355  000022                     ??_SetTimer2:
   356                           
   357                           ; 0 bytes @ 0x21
   358  000022                     	ds	1
   359  000023                     SetTimer2@prescalar:
   360                           	opt stack 0
   361                           
   362                           ; 1 bytes @ 0x22
   363  000023                     	ds	1
   364  000024                     ??_main:
   365                           
   366                           ; 0 bytes @ 0x23
   367  000024                     	ds	5
   368  000029                     main@i:
   369                           	opt stack 0
   370                           
   371                           ; 2 bytes @ 0x28
   372  000029                     	ds	2
   373                           tblptru	equ	0xFF8
   374                           tblptrh	equ	0xFF7
   375                           tblptrl	equ	0xFF6
   376                           tablat	equ	0xFF5
   377                           postinc0	equ	0xFEE
   378                           postdec1	equ	0xFE5
   379                           fsr1l	equ	0xFE1
   380                           
   381 ;;
   382 ;;Main: autosize = 0, tempsize = 5, incstack = 0, save=0
   383 ;;
   384 ;; *************** function _main *****************
   385 ;; Defined at:
   386 ;;		line 21 in file "main.c"
   387 ;; Parameters:    Size  Location     Type
   388 ;;		None
   389 ;; Auto vars:     Size  Location     Type
   390 ;;  i               2   40[COMRAM] unsigned int 
   391 ;; Return value:  Size  Location     Type
   392 ;;		None               void
   393 ;; Registers used:
   394 ;;		wreg, fsr0l, fsr0h, fsr1l, fsr1h, fsr1l, fsr1h, fsr2l, fsr2h, status,2, status,0, pclat, btemp, btemp+1, btemp+2, bt
      +emp+3, btemp+4, btemp+5, btemp+6, btemp+7, btemp+8, btemp+9, btemp+10, btemp+11, tosl, structret, tblptrl, tblptrh, tblp
      +tru, prodl, prodh, bsr, cstack
   395 ;; Tracked objects:
   396 ;;		On entry : 0/0
   397 ;;		On exit  : 0/0
   398 ;;		Unchanged: 0/0
   399 ;; Data sizes:     COMRAM   BANK0   BANK1   BANK2   BANK3   BANK4   BANK5   BANK6   BANK7   BANK8   BANK9  BANK10  BANK1
      +1  BANK12  BANK13  BANK14  BANK15
   400 ;;      Params:         0       0       0       0       0       0       0       0       0       0       0       0       
      +0       0       0       0       0
   401 ;;      Locals:         2       0       0       0       0       0       0       0       0       0       0       0       
      +0       0       0       0       0
   402 ;;      Temps:          5       0       0       0       0       0       0       0       0       0       0       0       
      +0       0       0       0       0
   403 ;;      Totals:         7       0       0       0       0       0       0       0       0       0       0       0       
      +0       0       0       0       0
   404 ;;Total ram usage:        7 bytes
   405 ;; Hardware stack levels required when called:    3
   406 ;; This function calls:
   407 ;;		_SetFreq_8MHZ
   408 ;;		_SetTimer0
   409 ;;		_SetTimer2
   410 ;; This function is called by:
   411 ;;		Startup code after reset
   412 ;; This function uses a non-reentrant model
   413 ;;
   414                           
   415                           	psect	text0
   416  001070                     __ptext0:
   417                           	opt stack 0
   418  001070                     _main:
   419                           	opt stack 28
   420                           
   421                           ;main.c: 24: uint i=0;
   422                           
   423                           ;incstack = 0
   424  001070  0E00               	movlw	0
   425  001072  6E2A               	movwf	main@i+1,c
   426  001074  0E00               	movlw	0
   427  001076  6E29               	movwf	main@i,c
   428                           
   429                           ;main.c: 28: Oscillator.SetFreq_8MHZ();
   430  001078  D801               	call	u18
   431  00107A  D009               	goto	u19
   432  00107C                     u18:
   433  00107C  0005               	push	
   434  00107E  6EFA               	movwf	pclath,c
   435  001080  5037               	movf	_Oscillator+12,w,c
   436  001082  6EFD               	movwf	tosl,c
   437  001084  5038               	movf	_Oscillator+13,w,c
   438  001086  6EFE               	movwf	tosh,c
   439  001088  6AFF               	clrf	tosu,c
   440  00108A  50FA               	movf	pclath,w,c
   441  00108C  0012               	return		;indir
   442  00108E                     u19:
   443                           
   444                           ;main.c: 30: Timer0.SetPeriod(Timer0.config.PRESCALER_128,Timer0.config.COUNTER_16BIT) ;
   445  00108E  0E09               	movlw	low (_Timer0+8)
   446  001090  6EF6               	movwf	tblptrl,c
   447  001092  0E10               	movlw	high (_Timer0+8)
   448  001094  6EF7               	movwf	tblptrh,c
   449  001096  0E00               	movlw	low (__mediumconst shr (0+16))
   450  001098  6EF8               	movwf	tblptru,c
   451  00109A  0009               	tblrd		*+
   452  00109C  CFF5 F024          	movff	tablat,??_main
   453  0010A0  0009               	tblrd		*+
   454  0010A2  CFF5 F025          	movff	tablat,??_main+1
   455  0010A6  D801               	call	u28
   456  0010A8  D023               	goto	u29
   457  0010AA                     u28:
   458  0010AA  0005               	push	
   459  0010AC  6EFA               	movwf	pclath,c
   460  0010AE  5024               	movf	??_main,w,c
   461  0010B0  6EFD               	movwf	tosl,c
   462  0010B2  5025               	movf	??_main+1,w,c
   463  0010B4  6EFE               	movwf	tosh,c
   464  0010B6  6AFF               	clrf	tosu,c
   465  0010B8  50FA               	movf	pclath,w,c
   466  0010BA  0E0F               	movlw	low (_Timer0+14)
   467  0010BC  6EF6               	movwf	tblptrl,c
   468  0010BE  0E10               	movlw	high (_Timer0+14)
   469  0010C0  6EF7               	movwf	tblptrh,c
   470  0010C2  0E00               	movlw	low (__mediumconst shr (0+16))
   471  0010C4  6EF8               	movwf	tblptru,c
   472  0010C6  0008               	tblrd		*
   473  0010C8  CFF5 F026          	movff	tablat,??_main+2
   474  0010CC  AE26               	btfss	??_main+2,7,c
   475  0010CE  D002               	goto	u30
   476  0010D0  0E01               	movlw	1
   477  0010D2  D001               	goto	u36
   478  0010D4                     u30:
   479  0010D4  0E00               	movlw	0
   480  0010D6                     u36:
   481  0010D6  6E20               	movwf	SetTimer0@Counter,c
   482  0010D8  0E0F               	movlw	low (_Timer0+14)
   483  0010DA  6EF6               	movwf	tblptrl,c
   484  0010DC  0E10               	movlw	high (_Timer0+14)
   485  0010DE  6EF7               	movwf	tblptrh,c
   486  0010E0  0E00               	movlw	low (__mediumconst shr (0+16))
   487  0010E2  6EF8               	movwf	tblptru,c
   488  0010E4  0008               	tblrd		*
   489  0010E6  CFF5 F027          	movff	tablat,??_main+3
   490  0010EA  5027               	movf	??_main+3,w,c
   491  0010EC  0B07               	andlw	7
   492  0010EE  0012               	return		;indir
   493  0010F0                     u29:
   494                           
   495                           ;main.c: 31: Timer2.SetPeriod(Timer2.config.PRESCALER_16,Timer2.config.POSTSCALER_16,255
      +                          ) ;
   496  0010F0  0E14               	movlw	low (_Timer2+4)
   497  0010F2  6EF6               	movwf	tblptrl,c
   498  0010F4  0E10               	movlw	high (_Timer2+4)
   499  0010F6  6EF7               	movwf	tblptrh,c
   500  0010F8  0E00               	movlw	low (__mediumconst shr (0+16))
   501  0010FA  6EF8               	movwf	tblptru,c
   502  0010FC  0009               	tblrd		*+
   503  0010FE  CFF5 F024          	movff	tablat,??_main
   504  001102  0009               	tblrd		*+
   505  001104  CFF5 F025          	movff	tablat,??_main+1
   506  001108  D801               	call	u48
   507  00110A  D025               	goto	u49
   508  00110C                     u48:
   509  00110C  0005               	push	
   510  00110E  6EFA               	movwf	pclath,c
   511  001110  5024               	movf	??_main,w,c
   512  001112  6EFD               	movwf	tosl,c
   513  001114  5025               	movf	??_main+1,w,c
   514  001116  6EFE               	movwf	tosh,c
   515  001118  6AFF               	clrf	tosu,c
   516  00111A  50FA               	movf	pclath,w,c
   517  00111C  0E1E               	movlw	low (_Timer2+14)
   518  00111E  6EF6               	movwf	tblptrl,c
   519  001120  0E10               	movlw	high (_Timer2+14)
   520  001122  6EF7               	movwf	tblptrh,c
   521  001124  0E00               	movlw	low (__mediumconst shr (0+16))
   522  001126  6EF8               	movwf	tblptru,c
   523  001128  0008               	tblrd		*
   524  00112A  CFF5 F026          	movff	tablat,??_main+2
   525  00112E  3826               	swapf	??_main+2,w,c
   526  001130  0B0F               	andlw	15
   527  001132  6E20               	movwf	SetTimer2@postscalar,c
   528  001134  6E27               	movwf	(??_main+3)& (0+255),c
   529  001136  0EFF               	movlw	255
   530  001138  6E21               	movwf	SetTimer2@period,c
   531  00113A  5027               	movf	(??_main+3)& (0+255),w,c
   532  00113C  0E18               	movlw	low (_Timer2+8)
   533  00113E  6EF6               	movwf	tblptrl,c
   534  001140  0E10               	movlw	high (_Timer2+8)
   535  001142  6EF7               	movwf	tblptrh,c
   536  001144  0E00               	movlw	low (__mediumconst shr (0+16))
   537  001146  6EF8               	movwf	tblptru,c
   538  001148  0008               	tblrd		*
   539  00114A  CFF5 F028          	movff	tablat,??_main+4
   540  00114E  3028               	rrcf	??_main+4,w,c
   541  001150  32E8               	rrcf	wreg,f,c
   542  001152  0B03               	andlw	3
   543  001154  0012               	return		;indir
   544  001156                     u49:
   545                           
   546                           ;main.c: 33: (PinFunction.RC0 = 0, PinDirection.RC0 = 0 );
   547  001156  010F               	movlb	15	; () banked
   548  001158  010F               	movlb	15	; () banked
   549  00115A  913A               	bcf	58,0,b	;volatile
   550                           
   551                           ; BSR set to: 15
   552  00115C  9094               	bcf	3988,0,c	;volatile
   553                           
   554                           ; BSR set to: 15
   555                           ;main.c: 34: (PinFunction.RA5 = 0, PinDirection.RA5 = 0 );
   556  00115E  010F               	movlb	15	; () banked
   557  001160  010F               	movlb	15	; () banked
   558  001162  9B38               	bcf	56,5,b	;volatile
   559                           
   560                           ; BSR set to: 15
   561  001164  9A92               	bcf	3986,5,c	;volatile
   562                           
   563                           ; BSR set to: 15
   564                           ;main.c: 35: (PinFunction.RB4 = 0, PinDirection.RB4 = 1 );
   565  001166  010F               	movlb	15	; () banked
   566  001168  010F               	movlb	15	; () banked
   567  00116A  9939               	bcf	57,4,b	;volatile
   568                           
   569                           ; BSR set to: 15
   570  00116C  8893               	bsf	3987,4,c	;volatile
   571                           
   572                           ; BSR set to: 15
   573                           ;main.c: 36: (PinFunction.RC5 = 0, PinDirection.RC5 = 1 );
   574  00116E  010F               	movlb	15	; () banked
   575  001170  010F               	movlb	15	; () banked
   576  001172  9B3A               	bcf	58,5,b	;volatile
   577                           
   578                           ; BSR set to: 15
   579  001174  8A94               	bsf	3988,5,c	;volatile
   580  001176                     l861:
   581                           
   582                           ;main.c: 40: {
   583                           ;main.c: 41: if((PinRead.RB4 || PinRead.RC5)==1)
   584  001176  B881               	btfsc	3969,4,c	;volatile
   585  001178  D002               	goto	l34
   586  00117A  AA82               	btfss	3970,5,c	;volatile
   587  00117C  D7FC               	goto	l861
   588  00117E                     l34:
   589                           
   590                           ;main.c: 42: {
   591                           ;main.c: 43: PinWrite.RC0=0;
   592  00117E  908B               	bcf	3979,0,c	;volatile
   593                           
   594                           ;main.c: 44: PinWrite.RA5=1;
   595  001180  8A89               	bsf	3977,5,c	;volatile
   596                           
   597                           ;main.c: 45: for(i=0;i<10;i++)
   598  001182  0E00               	movlw	0
   599  001184  6E2A               	movwf	main@i+1,c
   600  001186  0E00               	movlw	0
   601  001188  6E29               	movwf	main@i,c
   602  00118A  0E0A               	movlw	10
   603  00118C  5C29               	subwf	main@i,w,c
   604  00118E  0E00               	movlw	0
   605  001190  582A               	subwfb	main@i+1,w,c
   606  001192  B0D8               	btfsc	status,0,c
   607  001194  D006               	goto	l36
   608                           
   609                           ;main.c: 46: {
   610                           ;main.c: 47: PIR1bits.TMR2IF=0;
   611  001196  929E               	bcf	3998,1,c	;volatile
   612  001198                     l37:
   613  001198  A29E               	btfss	3998,1,c	;volatile
   614  00119A  D7FE               	goto	l37
   615  00119C  4A29               	infsnz	main@i,f,c
   616  00119E  2A2A               	incf	main@i+1,f,c
   617  0011A0  D7F4               	goto	L1
   618  0011A2                     l36:
   619                           
   620                           ;main.c: 49: }
   621                           ;main.c: 50: PinWrite.RC0=0;
   622  0011A2  908B               	bcf	3979,0,c	;volatile
   623                           
   624                           ;main.c: 51: PinWrite.RA5=0;
   625  0011A4  9A89               	bcf	3977,5,c	;volatile
   626                           
   627                           ;main.c: 52: INTCONbits.TMR0IF=0;
   628  0011A6  94F2               	bcf	intcon,2,c	;volatile
   629  0011A8                     l40:
   630  0011A8  A4F2               	btfss	intcon,2,c	;volatile
   631  0011AA  D7FE               	goto	l40
   632  0011AC                     l43:
   633  0011AC  B881               	btfsc	3969,4,c	;volatile
   634  0011AE  D002               	goto	l47
   635  0011B0  AA82               	btfss	3970,5,c	;volatile
   636  0011B2  D7FC               	goto	l43
   637  0011B4                     l47:
   638                           
   639                           ;main.c: 56: PinWrite.RC0=1;
   640  0011B4  808B               	bsf	3979,0,c	;volatile
   641                           
   642                           ;main.c: 57: PinWrite.RA5=0;
   643  0011B6  9A89               	bcf	3977,5,c	;volatile
   644                           
   645                           ;main.c: 58: for(i=0;i<10;i++)
   646  0011B8  0E00               	movlw	0
   647  0011BA  6E2A               	movwf	main@i+1,c
   648  0011BC  0E00               	movlw	0
   649  0011BE  6E29               	movwf	main@i,c
   650  0011C0  0E0A               	movlw	10
   651  0011C2  5C29               	subwf	main@i,w,c
   652  0011C4  0E00               	movlw	0
   653  0011C6  582A               	subwfb	main@i+1,w,c
   654  0011C8  B0D8               	btfsc	status,0,c
   655  0011CA  D006               	goto	l49
   656                           
   657                           ;main.c: 59: {
   658                           ;main.c: 60: PIR1bits.TMR2IF=0;
   659  0011CC  929E               	bcf	3998,1,c	;volatile
   660  0011CE                     l50:
   661  0011CE  A29E               	btfss	3998,1,c	;volatile
   662  0011D0  D7FE               	goto	l50
   663  0011D2  4A29               	infsnz	main@i,f,c
   664  0011D4  2A2A               	incf	main@i+1,f,c
   665  0011D6  D7F4               	goto	L2
   666  0011D8                     l49:
   667                           
   668                           ;main.c: 62: }
   669                           ;main.c: 63: PinWrite.RC0=0;
   670  0011D8  908B               	bcf	3979,0,c	;volatile
   671                           
   672                           ;main.c: 64: PinWrite.RA5=0;
   673  0011DA  9A89               	bcf	3977,5,c	;volatile
   674                           
   675                           ;main.c: 65: INTCONbits.TMR0IF =0;
   676  0011DC  94F2               	bcf	intcon,2,c	;volatile
   677  0011DE                     l53:
   678  0011DE  B4F2               	btfsc	intcon,2,c	;volatile
   679  0011E0  D7CA               	goto	l861
   680  0011E2  D7FD               	goto	l53
   681  0011E4                     __end_of_main:
   682                           	opt stack 0
   683                           tosu	equ	0xFFF
   684                           tosh	equ	0xFFE
   685                           tosl	equ	0xFFD
   686                           pclath	equ	0xFFA
   687                           tblptru	equ	0xFF8
   688                           tblptrh	equ	0xFF7
   689                           tblptrl	equ	0xFF6
   690                           tablat	equ	0xFF5
   691                           intcon	equ	0xFF2
   692                           postinc0	equ	0xFEE
   693                           wreg	equ	0xFE8
   694                           postdec1	equ	0xFE5
   695                           fsr1l	equ	0xFE1
   696                           status	equ	0xFD8
   697                           
   698 ;; *************** function _SetTimer2 *****************
   699 ;; Defined at:
   700 ;;		line 149 in file "EAB_Timer.c"
   701 ;; Parameters:    Size  Location     Type
   702 ;;  prescalar       1    wreg     unsigned char 
   703 ;;  postscalar      1   31[COMRAM] unsigned char 
   704 ;;  period          1   32[COMRAM] unsigned char 
   705 ;; Auto vars:     Size  Location     Type
   706 ;;  prescalar       1   34[COMRAM] unsigned char 
   707 ;; Return value:  Size  Location     Type
   708 ;;                  1    wreg      unsigned char 
   709 ;; Registers used:
   710 ;;		wreg, status,2, status,0
   711 ;; Tracked objects:
   712 ;;		On entry : 0/0
   713 ;;		On exit  : 0/0
   714 ;;		Unchanged: 0/0
   715 ;; Data sizes:     COMRAM   BANK0   BANK1   BANK2   BANK3   BANK4   BANK5   BANK6   BANK7   BANK8   BANK9  BANK10  BANK1
      +1  BANK12  BANK13  BANK14  BANK15
   716 ;;      Params:         2       0       0       0       0       0       0       0       0       0       0       0       
      +0       0       0       0       0
   717 ;;      Locals:         1       0       0       0       0       0       0       0       0       0       0       0       
      +0       0       0       0       0
   718 ;;      Temps:          1       0       0       0       0       0       0       0       0       0       0       0       
      +0       0       0       0       0
   719 ;;      Totals:         4       0       0       0       0       0       0       0       0       0       0       0       
      +0       0       0       0       0
   720 ;;Total ram usage:        4 bytes
   721 ;; Hardware stack levels used:    1
   722 ;; Hardware stack levels required when called:    2
   723 ;; This function calls:
   724 ;;		Nothing
   725 ;; This function is called by:
   726 ;;		_main
   727 ;; This function uses a non-reentrant model
   728 ;;
   729                           
   730                           	psect	text1
   731  001278                     __ptext1:
   732                           	opt stack 0
   733  001278                     _SetTimer2:
   734                           	opt stack 28
   735                           
   736                           ;incstack = 0
   737                           ;SetTimer2@prescalar stored from wreg
   738  001278  CFE8 F023          	movff	wreg,SetTimer2@prescalar
   739  00127C  50BA               	movf	4026,w,c	;volatile
   740  00127E  1823               	xorwf	SetTimer2@prescalar,w,c
   741  001280  0BFC               	andlw	-4
   742  001282  1823               	xorwf	SetTimer2@prescalar,w,c
   743  001284  6EBA               	movwf	4026,c	;volatile
   744  001286  C020  F022         	movff	SetTimer2@postscalar,??_SetTimer2
   745  00128A  4622               	rlncf	??_SetTimer2,f,c
   746  00128C  4622               	rlncf	??_SetTimer2,f,c
   747  00128E  4622               	rlncf	??_SetTimer2,f,c
   748  001290  50BA               	movf	4026,w,c	;volatile
   749  001292  1822               	xorwf	??_SetTimer2,w,c
   750  001294  0B87               	andlw	-121
   751  001296  1822               	xorwf	??_SetTimer2,w,c
   752  001298  6EBA               	movwf	4026,c	;volatile
   753  00129A  84BA               	bsf	4026,2,c	;volatile
   754  00129C  C021  FFBB         	movff	SetTimer2@period,4027	;volatile
   755  0012A0  0012               	return	
   756  0012A2                     __end_of_SetTimer2:
   757                           	opt stack 0
   758                           tosu	equ	0xFFF
   759                           tosh	equ	0xFFE
   760                           tosl	equ	0xFFD
   761                           pclath	equ	0xFFA
   762                           tblptru	equ	0xFF8
   763                           tblptrh	equ	0xFF7
   764                           tblptrl	equ	0xFF6
   765                           tablat	equ	0xFF5
   766                           intcon	equ	0xFF2
   767                           postinc0	equ	0xFEE
   768                           wreg	equ	0xFE8
   769                           postdec1	equ	0xFE5
   770                           fsr1l	equ	0xFE1
   771                           status	equ	0xFD8
   772                           
   773 ;; *************** function _SetTimer0 *****************
   774 ;; Defined at:
   775 ;;		line 92 in file "EAB_Timer.c"
   776 ;; Parameters:    Size  Location     Type
   777 ;;  Prescalar       1    wreg     unsigned char 
   778 ;;  Counter         1   31[COMRAM] unsigned char 
   779 ;; Auto vars:     Size  Location     Type
   780 ;;  Prescalar       1   32[COMRAM] unsigned char 
   781 ;; Return value:  Size  Location     Type
   782 ;;                  1    wreg      unsigned char 
   783 ;; Registers used:
   784 ;;		wreg, status,2, status,0
   785 ;; Tracked objects:
   786 ;;		On entry : 0/0
   787 ;;		On exit  : 0/0
   788 ;;		Unchanged: 0/0
   789 ;; Data sizes:     COMRAM   BANK0   BANK1   BANK2   BANK3   BANK4   BANK5   BANK6   BANK7   BANK8   BANK9  BANK10  BANK1
      +1  BANK12  BANK13  BANK14  BANK15
   790 ;;      Params:         1       0       0       0       0       0       0       0       0       0       0       0       
      +0       0       0       0       0
   791 ;;      Locals:         1       0       0       0       0       0       0       0       0       0       0       0       
      +0       0       0       0       0
   792 ;;      Temps:          0       0       0       0       0       0       0       0       0       0       0       0       
      +0       0       0       0       0
   793 ;;      Totals:         2       0       0       0       0       0       0       0       0       0       0       0       
      +0       0       0       0       0
   794 ;;Total ram usage:        2 bytes
   795 ;; Hardware stack levels used:    1
   796 ;; Hardware stack levels required when called:    2
   797 ;; This function calls:
   798 ;;		Nothing
   799 ;; This function is called by:
   800 ;;		_main
   801 ;; This function uses a non-reentrant model
   802 ;;
   803                           
   804                           	psect	text2
   805  0012C4                     __ptext2:
   806                           	opt stack 0
   807  0012C4                     _SetTimer0:
   808                           	opt stack 28
   809                           
   810                           ;incstack = 0
   811                           ;SetTimer0@Prescalar stored from wreg
   812  0012C4  CFE8 F021          	movff	wreg,SetTimer0@Prescalar
   813  0012C8  B020               	btfsc	SetTimer0@Counter,0,c
   814  0012CA  D002               	bra	u205
   815  0012CC  9CD5               	bcf	4053,6,c	;volatile
   816  0012CE  D001               	bra	u206
   817  0012D0                     u205:
   818  0012D0  8CD5               	bsf	4053,6,c	;volatile
   819  0012D2                     u206:
   820  0012D2  50D5               	movf	4053,w,c	;volatile
   821  0012D4  1821               	xorwf	SetTimer0@Prescalar,w,c
   822  0012D6  0BF8               	andlw	-8
   823  0012D8  1821               	xorwf	SetTimer0@Prescalar,w,c
   824  0012DA  6ED5               	movwf	4053,c	;volatile
   825  0012DC  9AD5               	bcf	4053,5,c	;volatile
   826  0012DE  96D5               	bcf	4053,3,c	;volatile
   827  0012E0  8ED5               	bsf	4053,7,c	;volatile
   828  0012E2  0012               	return	
   829  0012E4                     __end_of_SetTimer0:
   830                           	opt stack 0
   831                           tosu	equ	0xFFF
   832                           tosh	equ	0xFFE
   833                           tosl	equ	0xFFD
   834                           pclath	equ	0xFFA
   835                           tblptru	equ	0xFF8
   836                           tblptrh	equ	0xFF7
   837                           tblptrl	equ	0xFF6
   838                           tablat	equ	0xFF5
   839                           intcon	equ	0xFF2
   840                           postinc0	equ	0xFEE
   841                           wreg	equ	0xFE8
   842                           postdec1	equ	0xFE5
   843                           fsr1l	equ	0xFE1
   844                           status	equ	0xFD8
   845                           
   846 ;; *************** function _SetFreq_8MHZ *****************
   847 ;; Defined at:
   848 ;;		line 85 in file "EAB_Oscillator.c"
   849 ;; Parameters:    Size  Location     Type
   850 ;;		None
   851 ;; Auto vars:     Size  Location     Type
   852 ;;		None
   853 ;; Return value:  Size  Location     Type
   854 ;;                  1    wreg      unsigned char 
   855 ;; Registers used:
   856 ;;		wreg, status,2, status,0
   857 ;; Tracked objects:
   858 ;;		On entry : 0/0
   859 ;;		On exit  : 0/0
   860 ;;		Unchanged: 0/0
   861 ;; Data sizes:     COMRAM   BANK0   BANK1   BANK2   BANK3   BANK4   BANK5   BANK6   BANK7   BANK8   BANK9  BANK10  BANK1
      +1  BANK12  BANK13  BANK14  BANK15
   862 ;;      Params:         0       0       0       0       0       0       0       0       0       0       0       0       
      +0       0       0       0       0
   863 ;;      Locals:         0       0       0       0       0       0       0       0       0       0       0       0       
      +0       0       0       0       0
   864 ;;      Temps:          1       0       0       0       0       0       0       0       0       0       0       0       
      +0       0       0       0       0
   865 ;;      Totals:         1       0       0       0       0       0       0       0       0       0       0       0       
      +0       0       0       0       0
   866 ;;Total ram usage:        1 bytes
   867 ;; Hardware stack levels used:    1
   868 ;; Hardware stack levels required when called:    2
   869 ;; This function calls:
   870 ;;		Nothing
   871 ;; This function is called by:
   872 ;;		_main
   873 ;; This function uses a non-reentrant model
   874 ;;
   875                           
   876                           	psect	text3
   877  0012A2                     __ptext3:
   878                           	opt stack 0
   879  0012A2                     _SetFreq_8MHZ:
   880                           	opt stack 28
   881                           
   882                           ;incstack = 0
   883  0012A2  50D3               	movf	4051,w,c	;volatile
   884  0012A4  0B8C               	andlw	140
   885  0012A6  0962               	iorlw	98
   886  0012A8  6ED3               	movwf	4051,c	;volatile
   887  0012AA  6E20               	movwf	??_SetFreq_8MHZ& (0+255),c
   888  0012AC  0E06               	movlw	6
   889  0012AE  6E45               	movwf	_OscFreqIndex,c
   890  0012B0  5020               	movf	??_SetFreq_8MHZ& (0+255),w,c
   891  0012B2  0E00               	movlw	0
   892  0012B4  6E41               	movwf	_OscFreq,c
   893  0012B6  0E12               	movlw	18
   894  0012B8  6E42               	movwf	_OscFreq+1,c
   895  0012BA  0E7A               	movlw	122
   896  0012BC  6E43               	movwf	_OscFreq+2,c
   897  0012BE  0E00               	movlw	0
   898  0012C0  6E44               	movwf	_OscFreq+3,c
   899  0012C2  0012               	return	
   900  0012C4                     __end_of_SetFreq_8MHZ:
   901                           	opt stack 0
   902                           tosu	equ	0xFFF
   903                           tosh	equ	0xFFE
   904                           tosl	equ	0xFFD
   905                           pclath	equ	0xFFA
   906                           tblptru	equ	0xFF8
   907                           tblptrh	equ	0xFF7
   908                           tblptrl	equ	0xFF6
   909                           tablat	equ	0xFF5
   910                           intcon	equ	0xFF2
   911                           postinc0	equ	0xFEE
   912                           wreg	equ	0xFE8
   913                           postdec1	equ	0xFE5
   914                           fsr1l	equ	0xFE1
   915                           status	equ	0xFD8
   916                           
   917 ;; *************** function _LowPriority_InterruptHandler *****************
   918 ;; Defined at:
   919 ;;		line 21 in file "EAB_InterruptHandler.c"
   920 ;; Parameters:    Size  Location     Type
   921 ;;		None
   922 ;; Auto vars:     Size  Location     Type
   923 ;;		None
   924 ;; Return value:  Size  Location     Type
   925 ;;		None               void
   926 ;; Registers used:
   927 ;;		None
   928 ;; Tracked objects:
   929 ;;		On entry : 0/0
   930 ;;		On exit  : 0/0
   931 ;;		Unchanged: 0/0
   932 ;; Data sizes:     COMRAM   BANK0   BANK1   BANK2   BANK3   BANK4   BANK5   BANK6   BANK7   BANK8   BANK9  BANK10  BANK1
      +1  BANK12  BANK13  BANK14  BANK15
   933 ;;      Params:         0       0       0       0       0       0       0       0       0       0       0       0       
      +0       0       0       0       0
   934 ;;      Locals:         0       0       0       0       0       0       0       0       0       0       0       0       
      +0       0       0       0       0
   935 ;;      Temps:         17       0       0       0       0       0       0       0       0       0       0       0       
      +0       0       0       0       0
   936 ;;      Totals:        17       0       0       0       0       0       0       0       0       0       0       0       
      +0       0       0       0       0
   937 ;;Total ram usage:       17 bytes
   938 ;; Hardware stack levels used:    1
   939 ;; Hardware stack levels required when called:    1
   940 ;; This function calls:
   941 ;;		Nothing
   942 ;; This function is called by:
   943 ;;		Interrupt level 1
   944 ;; This function uses a non-reentrant model
   945 ;;
   946                           
   947                           	psect	intcodelo
   948  000018                     __pintcodelo:
   949                           	opt stack 0
   950  000018                     _LowPriority_InterruptHandler:
   951                           	opt stack 28
   952                           
   953                           ;incstack = 0
   954  000018  CFD8 F001          	movff	status,??_LowPriority_InterruptHandler
   955  00001C  CFE8 F002          	movff	wreg,??_LowPriority_InterruptHandler+1
   956  000020  CFE0 F003          	movff	bsr,??_LowPriority_InterruptHandler+2
   957  000024  CFFA F004          	movff	pclath,??_LowPriority_InterruptHandler+3
   958  000028  CFFB F005          	movff	pclatu,??_LowPriority_InterruptHandler+4
   959  00002C  CFE9 F006          	movff	fsr0l,??_LowPriority_InterruptHandler+5
   960  000030  CFEA F007          	movff	fsr0h,??_LowPriority_InterruptHandler+6
   961  000034  CFE1 F008          	movff	fsr1l,??_LowPriority_InterruptHandler+7
   962  000038  CFE2 F009          	movff	fsr1h,??_LowPriority_InterruptHandler+8
   963  00003C  CFD9 F00A          	movff	fsr2l,??_LowPriority_InterruptHandler+9
   964  000040  CFDA F00B          	movff	fsr2h,??_LowPriority_InterruptHandler+10
   965  000044  CFF3 F00C          	movff	prodl,??_LowPriority_InterruptHandler+11
   966  000048  CFF4 F00D          	movff	prodh,??_LowPriority_InterruptHandler+12
   967  00004C  CFF6 F00E          	movff	tblptrl,??_LowPriority_InterruptHandler+13
   968  000050  CFF7 F00F          	movff	tblptrh,??_LowPriority_InterruptHandler+14
   969  000054  CFF8 F010          	movff	tblptru,??_LowPriority_InterruptHandler+15
   970  000058  CFF5 F011          	movff	tablat,??_LowPriority_InterruptHandler+16
   971  00005C  C011  FFF5         	movff	??_LowPriority_InterruptHandler+16,tablat
   972  000060  C010  FFF8         	movff	??_LowPriority_InterruptHandler+15,tblptru
   973  000064  C00F  FFF7         	movff	??_LowPriority_InterruptHandler+14,tblptrh
   974  000068  C00E  FFF6         	movff	??_LowPriority_InterruptHandler+13,tblptrl
   975  00006C  C00D  FFF4         	movff	??_LowPriority_InterruptHandler+12,prodh
   976  000070  C00C  FFF3         	movff	??_LowPriority_InterruptHandler+11,prodl
   977  000074  C00B  FFDA         	movff	??_LowPriority_InterruptHandler+10,fsr2h
   978  000078  C00A  FFD9         	movff	??_LowPriority_InterruptHandler+9,fsr2l
   979  00007C  C009  FFE2         	movff	??_LowPriority_InterruptHandler+8,fsr1h
   980  000080  C008  FFE1         	movff	??_LowPriority_InterruptHandler+7,fsr1l
   981  000084  C007  FFEA         	movff	??_LowPriority_InterruptHandler+6,fsr0h
   982  000088  C006  FFE9         	movff	??_LowPriority_InterruptHandler+5,fsr0l
   983  00008C  C005  FFFB         	movff	??_LowPriority_InterruptHandler+4,pclatu
   984  000090  C004  FFFA         	movff	??_LowPriority_InterruptHandler+3,pclath
   985  000094  C003  FFE0         	movff	??_LowPriority_InterruptHandler+2,bsr
   986  000098  C002  FFE8         	movff	??_LowPriority_InterruptHandler+1,wreg
   987  00009C  C001  FFD8         	movff	??_LowPriority_InterruptHandler,status
   988  0000A0  0010               	retfie	
   989  0000A2                     __end_of_LowPriority_InterruptHandler:
   990                           	opt stack 0
   991                           tosu	equ	0xFFF
   992                           tosh	equ	0xFFE
   993                           tosl	equ	0xFFD
   994                           pclatu	equ	0xFFB
   995                           pclath	equ	0xFFA
   996                           tblptru	equ	0xFF8
   997                           tblptrh	equ	0xFF7
   998                           tblptrl	equ	0xFF6
   999                           tablat	equ	0xFF5
  1000                           prodh	equ	0xFF4
  1001                           prodl	equ	0xFF3
  1002                           intcon	equ	0xFF2
  1003                           postinc0	equ	0xFEE
  1004                           fsr0h	equ	0xFEA
  1005                           fsr0l	equ	0xFE9
  1006                           wreg	equ	0xFE8
  1007                           postdec1	equ	0xFE5
  1008                           fsr1h	equ	0xFE2
  1009                           fsr1l	equ	0xFE1
  1010                           bsr	equ	0xFE0
  1011                           fsr2h	equ	0xFDA
  1012                           fsr2l	equ	0xFD9
  1013                           status	equ	0xFD8
  1014                           
  1015 ;; *************** function _HighPriority_InterruptHandler *****************
  1016 ;; Defined at:
  1017 ;;		line 14 in file "EAB_InterruptHandler.c"
  1018 ;; Parameters:    Size  Location     Type
  1019 ;;		None
  1020 ;; Auto vars:     Size  Location     Type
  1021 ;;		None
  1022 ;; Return value:  Size  Location     Type
  1023 ;;		None               void
  1024 ;; Registers used:
  1025 ;;		None
  1026 ;; Tracked objects:
  1027 ;;		On entry : 0/0
  1028 ;;		On exit  : 0/0
  1029 ;;		Unchanged: 0/0
  1030 ;; Data sizes:     COMRAM   BANK0   BANK1   BANK2   BANK3   BANK4   BANK5   BANK6   BANK7   BANK8   BANK9  BANK10  BANK1
      +1  BANK12  BANK13  BANK14  BANK15
  1031 ;;      Params:         0       0       0       0       0       0       0       0       0       0       0       0       
      +0       0       0       0       0
  1032 ;;      Locals:         0       0       0       0       0       0       0       0       0       0       0       0       
      +0       0       0       0       0
  1033 ;;      Temps:         14       0       0       0       0       0       0       0       0       0       0       0       
      +0       0       0       0       0
  1034 ;;      Totals:        14       0       0       0       0       0       0       0       0       0       0       0       
      +0       0       0       0       0
  1035 ;;Total ram usage:       14 bytes
  1036 ;; Hardware stack levels used:    1
  1037 ;; This function calls:
  1038 ;;		Nothing
  1039 ;; This function is called by:
  1040 ;;		Interrupt level 2
  1041 ;; This function uses a non-reentrant model
  1042 ;;
  1043                           
  1044                           	psect	intcode
  1045  000008                     __pintcode:
  1046                           	opt stack 0
  1047  000008                     _HighPriority_InterruptHandler:
  1048                           	opt stack 28
  1049                           
  1050                           ;incstack = 0
  1051  000008  CFFA F012          	movff	pclath,??_HighPriority_InterruptHandler
  1052  00000C  CFFB F013          	movff	pclatu,??_HighPriority_InterruptHandler+1
  1053  000010  EFF2  F008         	goto	int_func
  1054                           tosu	equ	0xFFF
  1055                           tosh	equ	0xFFE
  1056                           tosl	equ	0xFFD
  1057                           pclatu	equ	0xFFB
  1058                           pclath	equ	0xFFA
  1059                           tblptru	equ	0xFF8
  1060                           tblptrh	equ	0xFF7
  1061                           tblptrl	equ	0xFF6
  1062                           tablat	equ	0xFF5
  1063                           prodh	equ	0xFF4
  1064                           prodl	equ	0xFF3
  1065                           intcon	equ	0xFF2
  1066                           postinc0	equ	0xFEE
  1067                           fsr0h	equ	0xFEA
  1068                           fsr0l	equ	0xFE9
  1069                           wreg	equ	0xFE8
  1070                           postdec1	equ	0xFE5
  1071                           fsr1h	equ	0xFE2
  1072                           fsr1l	equ	0xFE1
  1073                           bsr	equ	0xFE0
  1074                           fsr2h	equ	0xFDA
  1075                           fsr2l	equ	0xFD9
  1076                           status	equ	0xFD8
  1077                           
  1078                           	psect	intcode_body
  1079  0011E4                     __pintcode_body:
  1080                           	opt stack 28
  1081  0011E4                     int_func:
  1082                           	opt stack 28
  1083  0011E4  CFE9 F014          	movff	fsr0l,??_HighPriority_InterruptHandler+2
  1084  0011E8  CFEA F015          	movff	fsr0h,??_HighPriority_InterruptHandler+3
  1085  0011EC  CFE1 F016          	movff	fsr1l,??_HighPriority_InterruptHandler+4
  1086  0011F0  CFE2 F017          	movff	fsr1h,??_HighPriority_InterruptHandler+5
  1087  0011F4  CFD9 F018          	movff	fsr2l,??_HighPriority_InterruptHandler+6
  1088  0011F8  CFDA F019          	movff	fsr2h,??_HighPriority_InterruptHandler+7
  1089  0011FC  CFF3 F01A          	movff	prodl,??_HighPriority_InterruptHandler+8
  1090  001200  CFF4 F01B          	movff	prodh,??_HighPriority_InterruptHandler+9
  1091  001204  CFF6 F01C          	movff	tblptrl,??_HighPriority_InterruptHandler+10
  1092  001208  CFF7 F01D          	movff	tblptrh,??_HighPriority_InterruptHandler+11
  1093  00120C  CFF8 F01E          	movff	tblptru,??_HighPriority_InterruptHandler+12
  1094  001210  CFF5 F01F          	movff	tablat,??_HighPriority_InterruptHandler+13
  1095  001214  C01F  FFF5         	movff	??_HighPriority_InterruptHandler+13,tablat
  1096  001218  C01E  FFF8         	movff	??_HighPriority_InterruptHandler+12,tblptru
  1097  00121C  C01D  FFF7         	movff	??_HighPriority_InterruptHandler+11,tblptrh
  1098  001220  C01C  FFF6         	movff	??_HighPriority_InterruptHandler+10,tblptrl
  1099  001224  C01B  FFF4         	movff	??_HighPriority_InterruptHandler+9,prodh
  1100  001228  C01A  FFF3         	movff	??_HighPriority_InterruptHandler+8,prodl
  1101  00122C  C019  FFDA         	movff	??_HighPriority_InterruptHandler+7,fsr2h
  1102  001230  C018  FFD9         	movff	??_HighPriority_InterruptHandler+6,fsr2l
  1103  001234  C017  FFE2         	movff	??_HighPriority_InterruptHandler+5,fsr1h
  1104  001238  C016  FFE1         	movff	??_HighPriority_InterruptHandler+4,fsr1l
  1105  00123C  C015  FFEA         	movff	??_HighPriority_InterruptHandler+3,fsr0h
  1106  001240  C014  FFE9         	movff	??_HighPriority_InterruptHandler+2,fsr0l
  1107  001244  C013  FFFB         	movff	??_HighPriority_InterruptHandler+1,pclatu
  1108  001248  C012  FFFA         	movff	??_HighPriority_InterruptHandler,pclath
  1109  00124C  0011               	retfie		f
  1110  00124E                     __end_of_HighPriority_InterruptHandler:
  1111                           	opt stack 0
  1112                           tosu	equ	0xFFF
  1113                           tosh	equ	0xFFE
  1114                           tosl	equ	0xFFD
  1115                           pclatu	equ	0xFFB
  1116                           pclath	equ	0xFFA
  1117                           tblptru	equ	0xFF8
  1118                           tblptrh	equ	0xFF7
  1119                           tblptrl	equ	0xFF6
  1120                           tablat	equ	0xFF5
  1121                           prodh	equ	0xFF4
  1122                           prodl	equ	0xFF3
  1123                           intcon	equ	0xFF2
  1124                           postinc0	equ	0xFEE
  1125                           fsr0h	equ	0xFEA
  1126                           fsr0l	equ	0xFE9
  1127                           wreg	equ	0xFE8
  1128                           postdec1	equ	0xFE5
  1129                           fsr1h	equ	0xFE2
  1130                           fsr1l	equ	0xFE1
  1131                           bsr	equ	0xFE0
  1132                           fsr2h	equ	0xFDA
  1133                           fsr2l	equ	0xFD9
  1134                           status	equ	0xFD8
  1135                           tosu	equ	0xFFF
  1136                           tosh	equ	0xFFE
  1137                           tosl	equ	0xFFD
  1138                           pclatu	equ	0xFFB
  1139                           pclath	equ	0xFFA
  1140                           tblptru	equ	0xFF8
  1141                           tblptrh	equ	0xFF7
  1142                           tblptrl	equ	0xFF6
  1143                           tablat	equ	0xFF5
  1144                           prodh	equ	0xFF4
  1145                           prodl	equ	0xFF3
  1146                           intcon	equ	0xFF2
  1147                           postinc0	equ	0xFEE
  1148                           fsr0h	equ	0xFEA
  1149                           fsr0l	equ	0xFE9
  1150                           wreg	equ	0xFE8
  1151                           postdec1	equ	0xFE5
  1152                           fsr1h	equ	0xFE2
  1153                           fsr1l	equ	0xFE1
  1154                           bsr	equ	0xFE0
  1155                           fsr2h	equ	0xFDA
  1156                           fsr2l	equ	0xFD9
  1157                           status	equ	0xFD8
  1158                           
  1159                           	psect	rparam
  1160  0000                     tosu	equ	0xFFF
  1161                           tosh	equ	0xFFE
  1162                           tosl	equ	0xFFD
  1163                           pclatu	equ	0xFFB
  1164                           pclath	equ	0xFFA
  1165                           tblptru	equ	0xFF8
  1166                           tblptrh	equ	0xFF7
  1167                           tblptrl	equ	0xFF6
  1168                           tablat	equ	0xFF5
  1169                           prodh	equ	0xFF4
  1170                           prodl	equ	0xFF3
  1171                           intcon	equ	0xFF2
  1172                           postinc0	equ	0xFEE
  1173                           fsr0h	equ	0xFEA
  1174                           fsr0l	equ	0xFE9
  1175                           wreg	equ	0xFE8
  1176                           postdec1	equ	0xFE5
  1177                           fsr1h	equ	0xFE2
  1178                           fsr1l	equ	0xFE1
  1179                           bsr	equ	0xFE0
  1180                           fsr2h	equ	0xFDA
  1181                           fsr2l	equ	0xFD9
  1182                           status	equ	0xFD8


Data Sizes:
    Strings     0
    Constant    109
    Data        27
    BSS         2
    Persistent  0
    Stack       0

Auto Spaces:
    Space          Size  Autos    Used
    COMRAM           95     42      71
    BANK0           160      0       0
    BANK1           256      0       0
    BANK2           256      0       0
    BANK3           256      0       0
    BANK4           256      0       0
    BANK5           256      0       0
    BANK6           256      0       0
    BANK7           256      0       0
    BANK8           256      0       0
    BANK9           256      0       0
    BANK10          256      0       0
    BANK11          256      0       0
    BANK12          256      0       0
    BANK13          256      0       0
    BANK14          256      0       0
    BANK15           56      0       0

Pointer List with Targets:

    S671$EnableInterrupt	PTR FTN(unsigned char ,)unsigned char  size(2) Largest target is 1
		 -> Timer1Int(), 

    Timer1.EnableInterrupt	PTR FTN(unsigned char ,)unsigned char  size(2) Largest target is 1
		 -> Timer1Int(), 

    S671$SetPeriod	PTR FTN(unsigned char ,)unsigned char  size(2) Largest target is 1
		 -> SetTimer1(), 

    Timer1.SetPeriod	PTR FTN(unsigned char ,)unsigned char  size(2) Largest target is 1
		 -> SetTimer1(), 

    S133$EnableInterrupt	PTR FTN(unsigned char ,)unsigned char  size(2) Largest target is 1
		 -> Timer2Int(), 

    Timer2.EnableInterrupt	PTR FTN(unsigned char ,)unsigned char  size(2) Largest target is 1
		 -> Timer2Int(), 

    S133$SetPeriod	PTR FTN(unsigned char ,unsigned char ,unsigned char ,)unsigned char  size(2) Largest target is 1
		 -> SetTimer2(), 

    Timer2.SetPeriod	PTR FTN(unsigned char ,unsigned char ,unsigned char ,)unsigned char  size(2) Largest target is 1
		 -> SetTimer2(), 

    S133$SetPeriod_100microSec	PTR FTN()unsigned char  size(2) Largest target is 1
		 -> SetTimer2_100microSec(), 

    Timer2.SetPeriod_100microSec	PTR FTN()unsigned char  size(2) Largest target is 1
		 -> SetTimer2_100microSec(), 

    S133$SetPeriod_1milliSec	PTR FTN()unsigned char  size(2) Largest target is 1
		 -> SetTimer2_1millSec(), 

    Timer2.SetPeriod_1milliSec	PTR FTN()unsigned char  size(2) Largest target is 1
		 -> SetTimer2_1millSec(), 

    S78$EnableInterruptHIGH	PTR FTN()unsigned char  size(2) Largest target is 1
		 -> Timer0Int(), 

    Timer0.EnableInterruptHIGH	PTR FTN()unsigned char  size(2) Largest target is 1
		 -> Timer0Int(), 

    S78$SetPeriod	PTR FTN(unsigned char ,unsigned char ,)unsigned char  size(2) Largest target is 1
		 -> SetTimer0(), 

    Timer0.SetPeriod	PTR FTN(unsigned char ,unsigned char ,)unsigned char  size(2) Largest target is 1
		 -> SetTimer0(), 

    S78$SetPeriod_1milliSec	PTR FTN()unsigned char  size(2) Largest target is 1
		 -> SetTimer0_1millSec(), 

    Timer0.SetPeriod_1milliSec	PTR FTN()unsigned char  size(2) Largest target is 1
		 -> SetTimer0_1millSec(), 

    S78$SetPeriod_16milliSec	PTR FTN()unsigned char  size(2) Largest target is 1
		 -> SetTimer0_16milliSec(), 

    Timer0.SetPeriod_16milliSec	PTR FTN()unsigned char  size(2) Largest target is 1
		 -> SetTimer0_16milliSec(), 

    S78$SetPeriod_130milliSec	PTR FTN()unsigned char  size(2) Largest target is 1
		 -> SetTimer0_130milliSec(), 

    Timer0.SetPeriod_130milliSec	PTR FTN()unsigned char  size(2) Largest target is 1
		 -> SetTimer0_130milliSec(), 

    S78$SetPeriod_1Sec	PTR FTN()unsigned char  size(2) Largest target is 1
		 -> SetTimer0_1Sec(), 

    Timer0.SetPeriod_1Sec	PTR FTN()unsigned char  size(2) Largest target is 1
		 -> SetTimer0_1Sec(), 

    S37$GetFreq	PTR FTN()long  size(2) Largest target is 4
		 -> GetFreq(), 

    Oscillator.GetFreq	PTR FTN()long  size(2) Largest target is 4
		 -> GetFreq(), 

    S37$SetFreq_64MHZ	PTR FTN()unsigned char  size(2) Largest target is 1
		 -> SetFreq_64MHZ(), 

    Oscillator.SetFreq_64MHZ	PTR FTN()unsigned char  size(2) Largest target is 1
		 -> SetFreq_64MHZ(), 

    S37$SetFreq_32MHZ	PTR FTN()unsigned char  size(2) Largest target is 1
		 -> SetFreq_32MHZ(), 

    Oscillator.SetFreq_32MHZ	PTR FTN()unsigned char  size(2) Largest target is 1
		 -> SetFreq_32MHZ(), 

    S37$SetFreq_16MHZ	PTR FTN()unsigned char  size(2) Largest target is 1
		 -> SetFreq_16MHZ(), 

    Oscillator.SetFreq_16MHZ	PTR FTN()unsigned char  size(2) Largest target is 1
		 -> SetFreq_16MHZ(), 

    S37$SetFreq_8MHZ	PTR FTN()unsigned char  size(2) Largest target is 1
		 -> SetFreq_8MHZ(), 

    Oscillator.SetFreq_8MHZ	PTR FTN()unsigned char  size(2) Largest target is 1
		 -> SetFreq_8MHZ(), 

    S37$SetFreq_4MHZ	PTR FTN()unsigned char  size(2) Largest target is 1
		 -> SetFreq_4MHZ(), 

    Oscillator.SetFreq_4MHZ	PTR FTN()unsigned char  size(2) Largest target is 1
		 -> SetFreq_4MHZ(), 

    S37$SetFreq_2MHZ	PTR FTN()unsigned char  size(2) Largest target is 1
		 -> SetFreq_2MHZ(), 

    Oscillator.SetFreq_2MHZ	PTR FTN()unsigned char  size(2) Largest target is 1
		 -> SetFreq_2MHZ(), 

    S37$SetFreq_1MHZ	PTR FTN()unsigned char  size(2) Largest target is 1
		 -> SetFreq_1MHZ(), 

    Oscillator.SetFreq_1MHZ	PTR FTN()unsigned char  size(2) Largest target is 1
		 -> SetFreq_1MHZ(), 

    S37$SetFreq_500KHZ	PTR FTN()unsigned char  size(2) Largest target is 1
		 -> SetFreq_500KHZ(), 

    Oscillator.SetFreq_500KHZ	PTR FTN()unsigned char  size(2) Largest target is 1
		 -> SetFreq_500KHZ(), 

    S37$SetFreq_250KHZ	PTR FTN()unsigned char  size(2) Largest target is 1
		 -> SetFreq_250KHZ(), 

    Oscillator.SetFreq_250KHZ	PTR FTN()unsigned char  size(2) Largest target is 1
		 -> SetFreq_250KHZ(), 

    S37$SetFreq_31KHZ	PTR FTN()unsigned char  size(2) Largest target is 1
		 -> SetFreq_31_25KHZ(), 

    Oscillator.SetFreq_31KHZ	PTR FTN()unsigned char  size(2) Largest target is 1
		 -> SetFreq_31_25KHZ(), 


Critical Paths under _main in COMRAM

    _main->_SetTimer2

Critical Paths under _HighPriority_InterruptHandler in COMRAM

    None.

Critical Paths under _LowPriority_InterruptHandler in COMRAM

    None.

Critical Paths under _main in BANK0

    None.

Critical Paths under _HighPriority_InterruptHandler in BANK0

    None.

Critical Paths under _LowPriority_InterruptHandler in BANK0

    None.

Critical Paths under _main in BANK1

    None.

Critical Paths under _HighPriority_InterruptHandler in BANK1

    None.

Critical Paths under _LowPriority_InterruptHandler in BANK1

    None.

Critical Paths under _main in BANK2

    None.

Critical Paths under _HighPriority_InterruptHandler in BANK2

    None.

Critical Paths under _LowPriority_InterruptHandler in BANK2

    None.

Critical Paths under _main in BANK3

    None.

Critical Paths under _HighPriority_InterruptHandler in BANK3

    None.

Critical Paths under _LowPriority_InterruptHandler in BANK3

    None.

Critical Paths under _main in BANK4

    None.

Critical Paths under _HighPriority_InterruptHandler in BANK4

    None.

Critical Paths under _LowPriority_InterruptHandler in BANK4

    None.

Critical Paths under _main in BANK5

    None.

Critical Paths under _HighPriority_InterruptHandler in BANK5

    None.

Critical Paths under _LowPriority_InterruptHandler in BANK5

    None.

Critical Paths under _main in BANK6

    None.

Critical Paths under _HighPriority_InterruptHandler in BANK6

    None.

Critical Paths under _LowPriority_InterruptHandler in BANK6

    None.

Critical Paths under _main in BANK7

    None.

Critical Paths under _HighPriority_InterruptHandler in BANK7

    None.

Critical Paths under _LowPriority_InterruptHandler in BANK7

    None.

Critical Paths under _main in BANK8

    None.

Critical Paths under _HighPriority_InterruptHandler in BANK8

    None.

Critical Paths under _LowPriority_InterruptHandler in BANK8

    None.

Critical Paths under _main in BANK9

    None.

Critical Paths under _HighPriority_InterruptHandler in BANK9

    None.

Critical Paths under _LowPriority_InterruptHandler in BANK9

    None.

Critical Paths under _main in BANK10

    None.

Critical Paths under _HighPriority_InterruptHandler in BANK10

    None.

Critical Paths under _LowPriority_InterruptHandler in BANK10

    None.

Critical Paths under _main in BANK11

    None.

Critical Paths under _HighPriority_InterruptHandler in BANK11

    None.

Critical Paths under _LowPriority_InterruptHandler in BANK11

    None.

Critical Paths under _main in BANK12

    None.

Critical Paths under _HighPriority_InterruptHandler in BANK12

    None.

Critical Paths under _LowPriority_InterruptHandler in BANK12

    None.

Critical Paths under _main in BANK13

    None.

Critical Paths under _HighPriority_InterruptHandler in BANK13

    None.

Critical Paths under _LowPriority_InterruptHandler in BANK13

    None.

Critical Paths under _main in BANK14

    None.

Critical Paths under _HighPriority_InterruptHandler in BANK14

    None.

Critical Paths under _LowPriority_InterruptHandler in BANK14

    None.

Critical Paths under _main in BANK15

    None.

Critical Paths under _HighPriority_InterruptHandler in BANK15

    None.

Critical Paths under _LowPriority_InterruptHandler in BANK15

    None.

Call Graph Tables:

 ---------------------------------------------------------------------------------
 (Depth) Function   	        Calls       Base Space   Used Autos Params    Refs
 ---------------------------------------------------------------------------------
 (0) _main                                                 7     7      0     237
                                             35 COMRAM     7     7      0
                       _SetFreq_8MHZ *
                          _SetTimer0 *
                          _SetTimer2 *
 ---------------------------------------------------------------------------------
 (1) _SetTimer2                                            4     2      2     113
                                             31 COMRAM     4     2      2
 ---------------------------------------------------------------------------------
 (1) _SetTimer0                                            2     1      1      64
                                             31 COMRAM     2     1      1
 ---------------------------------------------------------------------------------
 (1) _SetFreq_8MHZ                                         1     1      0       0
                                             31 COMRAM     1     1      0
 ---------------------------------------------------------------------------------
 Estimated maximum stack depth 1
 ---------------------------------------------------------------------------------
 (Depth) Function   	        Calls       Base Space   Used Autos Params    Refs
 ---------------------------------------------------------------------------------
 (2) _LowPriority_InterruptHandler                        17    17      0       0
                                              0 COMRAM    17    17      0
 ---------------------------------------------------------------------------------
 Estimated maximum stack depth 2
 ---------------------------------------------------------------------------------
 (Depth) Function   	        Calls       Base Space   Used Autos Params    Refs
 ---------------------------------------------------------------------------------
 (3) _HighPriority_InterruptHandler                       14    14      0       0
                                             17 COMRAM    14    14      0
 ---------------------------------------------------------------------------------
 Estimated maximum stack depth 3
 ---------------------------------------------------------------------------------

 Call Graph Graphs:

 _main (ROOT)
   _SetFreq_8MHZ *
   _SetTimer0 *
   _SetTimer2 *

 _LowPriority_InterruptHandler (ROOT)

 _HighPriority_InterruptHandler (ROOT)

 Address spaces:
Name               Size   Autos  Total    Cost      Usage
BIGRAM             F37      0       0      37        0.0%
EEDATA             400      0       0       0        0.0%
BITBANK14          100      0       0      33        0.0%
BANK14             100      0       0      34        0.0%
BITBANK13          100      0       0      31        0.0%
BANK13             100      0       0      32        0.0%
BITBANK12          100      0       0      29        0.0%
BANK12             100      0       0      30        0.0%
BITBANK11          100      0       0      27        0.0%
BANK11             100      0       0      28        0.0%
BITBANK10          100      0       0      25        0.0%
BANK10             100      0       0      26        0.0%
BITBANK9           100      0       0      23        0.0%
BANK9              100      0       0      24        0.0%
BITBANK8           100      0       0      21        0.0%
BANK8              100      0       0      22        0.0%
BITBANK7           100      0       0      19        0.0%
BANK7              100      0       0      20        0.0%
BITBANK6           100      0       0      17        0.0%
BANK6              100      0       0      18        0.0%
BITBANK5           100      0       0      15        0.0%
BANK5              100      0       0      16        0.0%
BITBANK4           100      0       0      13        0.0%
BANK4              100      0       0      14        0.0%
BITBANK3           100      0       0      10        0.0%
BANK3              100      0       0      11        0.0%
BITBANK2           100      0       0       8        0.0%
BANK2              100      0       0       9        0.0%
BITBANK1           100      0       0       6        0.0%
BANK1              100      0       0       7        0.0%
BITBANK0            A0      0       0       4        0.0%
BANK0               A0      0       0       5        0.0%
BITCOMRAM           5F      0       0       0        0.0%
COMRAM              5F     2A      47       1       74.7%
BITBANK15           38      0       0      35        0.0%
BANK15              38      0       0      36        0.0%
BITSFR_1             0      0       0      40        0.0%
SFR_1                0      0       0      40        0.0%
BITSFR               0      0       0      40        0.0%
SFR                  0      0       0      40        0.0%
STACK                0      0       0       2        0.0%
NULL                 0      0       0       0        0.0%
ABS                  0      0      47      12        0.0%
DATA                 0      0      47       3        0.0%
CODE                 0      0       0       0        0.0%


Microchip Technology PIC18 Macro Assembler V1.30 build 55553 
Symbol Table                                                                                   Wed Apr 23 16:01:32 2014

                                    l40 11A8                                      l50 11CE  
                                    l34 117E                                      l43 11AC  
                                    l36 11A2                                      l53 11DE  
                                    l37 1198                                      l47 11B4  
                                    l49 11D8                                      u30 10D4  
                                    u18 107C                                      u19 108E  
                                    u36 10D6                                      u28 10AA  
                                    u29 10F0                                      u48 110C  
                                    u49 1156                                      bsr 000FE0  
                                   l861 1176                                     u205 12D0  
                                   u206 12D2                                     _PR2 000FBB  
                                   tosl 000FFD                                     wreg 000FE8  
                          __CFG_LVP$OFF 000000                          _TIMER0_130mSec 101F  
                        _TIMER2_100usec 1033                                    _main 1070  
                                  fsr0h 000FEA                                    fsr1h 000FE2  
                                  fsr0l 000FE9                                    fsr2h 000FDA  
                                  fsr1l 000FE1                                    fsr2l 000FD9  
                 __end_of_TIMER0_16mSec 105A                                    pclat 000FFA  
                                  prodh 000FF4                                    prodl 000FF3  
                                  start 00A2                                   ?_main 0001  
                                 _T0CON 000FD5                                   _T2CON 000FBA  
                        __CFG_DEBUG$OFF 000000                  __end_of_TIMER0_130mSec 1029  
                __end_of_TIMER2_100usec 103D                                   main@i 0029  
                                 pclath 000FFA                                   tablat 000FF5  
                                 status 000FD8                         __initialization 124E  
                          __end_of_main 11E4                                  ??_main 0024  
                         __activetblptr 000003                   _SetTimer0_130milliSec 000000  
            __end_of_TIMER2_PR2_100usec 1063                          __CFG_WDTEN$OFF 000000  
                                _OSCCON 000FD3                              _Oscillator 002B  
                                _Timer0 1001                                  _Timer1 1069  
                                _Timer2 1010                      __size_of_SetTimer0 0020  
                    __size_of_SetTimer2 002A                           ?_SetFreq_8MHZ 0001  
                  _SetTimer0_16milliSec 000000                            __pdataCOMRAM 002B  
                          __mediumconst 0000                                  tblptrh 000FF7  
                                tblptrl 000FF6                                  tblptru 000FF8  
                            __accesstop 0060                 __end_of__initialization 1272  
                 _SetTimer2_100microSec 000000                          __pcstackCOMRAM 0001  
                        ??_SetFreq_8MHZ 0020                             _PinFunction 000F38  
                     __end_of_SetTimer0 12E4                       __end_of_SetTimer2 12A2  
                            _delayCount 0046                           _SetFreq_32MHZ 000000  
                         _SetFreq_16MHZ 000000   __end_of_HighPriority_InterruptHandler 124E  
__size_of_HighPriority_InterruptHandler 1246           _HighPriority_InterruptHandler 0008  
                         _SetFreq_64MHZ 000000                        _TIMER2_PR2_1msec 1047  
                               _GetFreq 000000                                 _PinRead 000F80  
                               _OscFreq 0041                                 __Hparam 0000  
                               __Lparam 0000                            __psmallconst 1000  
                               __pcinit 124E                                 __ramtop 1000  
                               __ptext0 1070                                 __ptext1 1278  
                               __ptext2 12C4                                 __ptext3 12A2  
                             _T0CONbits 000FD5                               _T1CONbits 000FCD  
                      SetTimer0@Counter 0020                               _T2CONbits 000FBA  
                        __pintcode_body 11E4                    end_of_initialization 1272  
                  __end_of_SetFreq_8MHZ 12C4                                 int_func 11E4  
                    _TIMER2_PR2_100usec 105A                                 postdec1 000FE5  
                               postinc0 000FEE    __end_of_LowPriority_InterruptHandler 00A2  
 __size_of_LowPriority_InterruptHandler 008A            _LowPriority_InterruptHandler 0018  
                      __CFG_FOSC$INTIO7 000000          ?_HighPriority_InterruptHandler 0001  
                         _TIMER0_16mSec 1051                    __end_of_TIMER0_1mSec 1069  
                  __end_of_TIMER2_1msec 1047                          __end_of_Timer0 1010  
                        __end_of_Timer1 106E                          __end_of_Timer2 101F  
                         __pidataCOMRAM 12E4           ?_LowPriority_InterruptHandler 0001  
                   start_initialization 124E                            _PinDirection 000F92  
                             _SetTimer0 12C4                               _SetTimer1 000000  
                             _SetTimer2 1278                               _Timer0Int 000000  
                             _Timer1Int 000000                               _Timer2Int 000000  
              __end_of_TIMER2_PR2_1msec 1051                      _SetTimer0_1millSec 000000  
                    _SetTimer2_1millSec 000000                             __pbssCOMRAM 0046  
                 __size_of_SetFreq_8MHZ 0022                            _OscFreqIndex 0045  
                            ?_SetTimer0 0020                              ?_SetTimer2 0020  
                             __pintcode 0008                            _SetFreq_1MHZ 000000  
                          _SetFreq_2MHZ 000000                            _SetFreq_4MHZ 000000  
                           __pintcodelo 0018                            _SetFreq_8MHZ 12A2  
                           __smallconst 1000          ??_LowPriority_InterruptHandler 0001  
                        _SetFreq_250KHZ 000000                          _SetFreq_500KHZ 000000  
                              _IPR1bits 000F9F                                _PIE1bits 000F9D  
                              _PIR1bits 000F9E                                _RCONbits 000FD0  
                       SetTimer2@period 0021                      SetTimer0@Prescalar 0021  
                   __end_of_TIMER0_1Sec 1033                            _TIMER0_1mSec 1063  
                          _TIMER2_1msec 103D                               copy_data0 1266  
                           ??_SetTimer0 0021                             ??_SetTimer2 0022  
                              _PinWrite 000F89                                __Hrparam 0000  
       ??_HighPriority_InterruptHandler 0012                                __Lrparam 0000  
                   SetTimer2@postscalar 0020                             _OSCCON2bits 000FD2  
                      _SetFreq_31_25KHZ 000000                           __size_of_main 0174  
                           _TIMER0_1Sec 1029                             _OSCTUNEbits 000F9B  
                            _INTCONbits 000FF2                      SetTimer2@prescalar 0023  
                        _SetTimer0_1Sec 000000                                intlevel1 0000  
                              intlevel2 0000                              _OSCCONbits 000FD3  
